"../../../Engine/Plugins/2D/Paper2D/Content/PlaceholderTextures/DummySpriteTexture.ubulk" 0
"../../../Engine/Plugins/2D/Paper2D/Content/PlaceholderTextures/DummySpriteTexture.uasset" 1
"../../../Engine/Plugins/2D/Paper2D/Content/PlaceholderTextures/DummySpriteTexture.uexp" 2
"../../../Engine/Plugins/2D/Paper2D/Content/DummySprite.uasset" 3
"../../../Engine/Plugins/2D/Paper2D/Content/DummySprite.uexp" 4
"../../../Engine/Plugins/2D/Paper2D/Content/DefaultPaperTerrainMaterial.uasset" 5
"../../../Engine/Plugins/2D/Paper2D/Content/DefaultPaperTerrainMaterial.uexp" 6
"../../../Engine/Content/EngineSounds/Master.uasset" 7
"../../../Engine/Content/EngineSounds/Master.uexp" 8
"../../../Engine/Content/EngineMaterials/DefaultPhysicalMaterial.uasset" 9
"../../../Engine/Content/EngineMaterials/DefaultPhysicalMaterial.uexp" 10
"../../../Engine/Content/EngineMaterials/DefaultDestructiblePhysicalMaterial.uasset" 11
"../../../Engine/Content/EngineMaterials/DefaultDestructiblePhysicalMaterial.uexp" 12
"../../../Engine/Content/EngineFonts/Faces/DroidSansFallback.uexp" 13
"../../../Engine/Content/EngineFonts/Faces/DroidSansFallback.uasset" 14
"../../../Engine/Content/EngineFonts/Faces/DroidSansFallback.ufont" 15
"../../../Engine/Content/EngineFonts/Faces/RobotoBold.uexp" 16
"../../../Engine/Content/EngineFonts/Faces/RobotoBold.uasset" 17
"../../../Engine/Content/EngineFonts/Faces/RobotoBold.ufont" 18
"../../../Engine/Content/EngineFonts/Faces/RobotoBoldItalic.uexp" 19
"../../../Engine/Content/EngineFonts/Faces/RobotoBoldItalic.uasset" 20
"../../../Engine/Content/EngineFonts/Faces/RobotoBoldItalic.ufont" 21
"../../../Engine/Content/EngineFonts/Faces/RobotoItalic.uexp" 22
"../../../Engine/Content/EngineFonts/Faces/RobotoItalic.uasset" 23
"../../../Engine/Content/EngineFonts/Faces/RobotoItalic.ufont" 24
"../../../Engine/Content/EngineFonts/Faces/RobotoLight.uexp" 25
"../../../Engine/Content/EngineFonts/Faces/RobotoLight.uasset" 26
"../../../Engine/Content/EngineFonts/Faces/RobotoLight.ufont" 27
"../../../Engine/Content/EngineFonts/Faces/RobotoRegular.uexp" 28
"../../../Engine/Content/EngineFonts/Faces/RobotoRegular.uasset" 29
"../../../Engine/Content/EngineFonts/Faces/RobotoRegular.ufont" 30
"../../../Engine/Content/EngineFonts/Roboto.uasset" 31
"../../../Engine/Content/EngineFonts/Roboto.uexp" 32
"../../../Engine/Content/EngineFonts/Faces/DroidSansMono.uexp" 33
"../../../Engine/Content/EngineFonts/Faces/DroidSansMono.uasset" 34
"../../../Engine/Content/EngineFonts/Faces/DroidSansMono.ufont" 35
"../../../Engine/Content/EngineFonts/DroidSansMono.uasset" 36
"../../../Engine/Content/EngineFonts/DroidSansMono.uexp" 37
"../../../Engine/Plugins/Interchange/Runtime/Content/Pipelines/DefaultTexturePipeline.uasset" 38
"../../../Engine/Plugins/Interchange/Runtime/Content/Pipelines/DefaultTexturePipeline.uexp" 39
"../../../Engine/Plugins/Interchange/Runtime/Content/Pipelines/DefaultSceneLevelPipeline.uasset" 40
"../../../Engine/Plugins/Interchange/Runtime/Content/Pipelines/DefaultSceneLevelPipeline.uexp" 41
"../../../Engine/Plugins/Interchange/Runtime/Content/Pipelines/DefaultSceneAssetsPipeline.uasset" 42
"../../../Engine/Plugins/Interchange/Runtime/Content/Pipelines/DefaultSceneAssetsPipeline.uexp" 43
"../../../Engine/Plugins/Interchange/Runtime/Content/Pipelines/DefaultMaterialXPipeline.uasset" 44
"../../../Engine/Plugins/Interchange/Runtime/Content/Pipelines/DefaultMaterialXPipeline.uexp" 45
"../../../Engine/Plugins/Interchange/Runtime/Content/Pipelines/DefaultMaterialPipeline.uasset" 46
"../../../Engine/Plugins/Interchange/Runtime/Content/Pipelines/DefaultMaterialPipeline.uexp" 47
"../../../Engine/Plugins/Interchange/Runtime/Content/Pipelines/DefaultGLTFSceneAssetsPipeline.uasset" 48
"../../../Engine/Plugins/Interchange/Runtime/Content/Pipelines/DefaultGLTFSceneAssetsPipeline.uexp" 49
"../../../Engine/Plugins/Interchange/Runtime/Content/Pipelines/DefaultGLTFPipeline.uasset" 50
"../../../Engine/Plugins/Interchange/Runtime/Content/Pipelines/DefaultGLTFPipeline.uexp" 51
"../../../Engine/Plugins/Interchange/Runtime/Content/Pipelines/DefaultGLTFAssetsPipeline.uasset" 52
"../../../Engine/Plugins/Interchange/Runtime/Content/Pipelines/DefaultGLTFAssetsPipeline.uexp" 53
"../../../Engine/Plugins/Interchange/Runtime/Content/Pipelines/DefaultAssetsPipeline.uasset" 54
"../../../Engine/Plugins/Interchange/Runtime/Content/Pipelines/DefaultAssetsPipeline.uexp" 55
"../../../Engine/Content/EngineResources/GradientTexture0.uasset" 56
"../../../Engine/Content/EngineResources/GradientTexture0.uexp" 57
"../../../Engine/Content/EngineResources/Black.uasset" 58
"../../../Engine/Content/EngineResources/Black.uexp" 59
"../../../Engine/Content/EditorResources/S_Actor.ubulk" 60
"../../../Engine/Content/EditorResources/S_Actor.uasset" 61
"../../../Engine/Content/EditorResources/S_Actor.uexp" 62
"../../../Engine/Content/EditorResources/S_Trigger.ubulk" 63
"../../../Engine/Content/EditorResources/S_Trigger.uasset" 64
"../../../Engine/Content/EditorResources/S_Trigger.uexp" 65
"../../../Engine/Content/EditorResources/S_BoxReflectionCapture.uasset" 66
"../../../Engine/Content/EditorResources/S_BoxReflectionCapture.uexp" 67
"../../../Engine/Content/EngineResources/DefaultTexture.ubulk" 68
"../../../Engine/Content/EngineResources/DefaultTexture.uasset" 69
"../../../Engine/Content/EngineResources/DefaultTexture.uexp" 70
"../../../Engine/Content/EditorResources/S_TriggerBox.uasset" 71
"../../../Engine/Content/EditorResources/S_TriggerBox.uexp" 72
"../../../Engine/Content/EditorResources/S_TriggerCapsule.uasset" 73
"../../../Engine/Content/EditorResources/S_TriggerCapsule.uexp" 74
"../../../Engine/Content/EditorResources/S_TriggerSphere.uasset" 75
"../../../Engine/Content/EditorResources/S_TriggerSphere.uexp" 76
"../../../Engine/Content/EngineMeshes/Sphere.uasset" 77
"../../../Engine/Content/EngineMeshes/Sphere.uexp" 78
"../../../Engine/Content/EngineResources/DefaultTextureCube.uasset" 79
"../../../Engine/Content/EngineResources/DefaultTextureCube.uexp" 80
"../../../Engine/Plugins/2D/Paper2D/Content/DefaultSpriteMaterial.uasset" 81
"../../../Engine/Plugins/2D/Paper2D/Content/DefaultSpriteMaterial.uexp" 82
"../../../Engine/Plugins/2D/Paper2D/Content/OpaqueUnlitSpriteMaterial.uasset" 83
"../../../Engine/Plugins/2D/Paper2D/Content/OpaqueUnlitSpriteMaterial.uexp" 84
"../../../Engine/Plugins/2D/Paper2D/Content/MaskedUnlitSpriteMaterial.uasset" 85
"../../../Engine/Plugins/2D/Paper2D/Content/MaskedUnlitSpriteMaterial.uexp" 86
"../../../Engine/Plugins/NNE/NNEDenoiser/Content/NNE_oidn2-3-0_rt_hdr_calb_cnrm_large__dyn__fp16_opset11_ForwardAlpha.uasset" 87
"../../../Engine/Plugins/NNE/NNEDenoiser/Content/NNE_oidn2-3-0_rt_hdr_calb_cnrm_large__dyn__fp16_opset11_ForwardAlpha.uexp" 88
"../../../Engine/Plugins/NNE/NNEDenoiser/Content/NNE_oidn2-3-0_rt_hdr_calb_cnrm_large__dyn__fp16_opset11_DenoiseAlpha.uasset" 89
"../../../Engine/Plugins/NNE/NNEDenoiser/Content/NNE_oidn2-3-0_rt_hdr_calb_cnrm_large__dyn__fp16_opset11_DenoiseAlpha.uexp" 90
"../../../Engine/Plugins/NNE/NNEDenoiser/Content/NNE_oidn2-3-0_rt_hdr_alb_nrm__dyn__fp16_opset11_ForwardAlpha.uasset" 91
"../../../Engine/Plugins/NNE/NNEDenoiser/Content/NNE_oidn2-3-0_rt_hdr_alb_nrm__dyn__fp16_opset11_ForwardAlpha.uexp" 92
"../../../Engine/Plugins/NNE/NNEDenoiser/Content/NNE_oidn2-3-0_rt_hdr_alb_nrm__dyn__fp16_opset11_DenoiseAlpha.uasset" 93
"../../../Engine/Plugins/NNE/NNEDenoiser/Content/NNE_oidn2-3-0_rt_hdr_alb_nrm__dyn__fp16_opset11_DenoiseAlpha.uexp" 94
"../../../Engine/Plugins/NNE/NNEDenoiser/Content/NNE_oidn2-3-0_rt_hdr_alb_nrm_small__dyn__fp16_opset11_ForwardAlpha.uasset" 95
"../../../Engine/Plugins/NNE/NNEDenoiser/Content/NNE_oidn2-3-0_rt_hdr_alb_nrm_small__dyn__fp16_opset11_ForwardAlpha.uexp" 96
"../../../Engine/Plugins/NNE/NNEDenoiser/Content/NNE_oidn2-3-0_rt_hdr_alb_nrm_small__dyn__fp16_opset11_DenoiseAlpha.uasset" 97
"../../../Engine/Plugins/NNE/NNEDenoiser/Content/NNE_oidn2-3-0_rt_hdr_alb_nrm_small__dyn__fp16_opset11_DenoiseAlpha.uexp" 98
"../../../Engine/Plugins/NNE/NNEDenoiser/Content/NNEDTOM_Output_Default.uasset" 99
"../../../Engine/Plugins/NNE/NNEDenoiser/Content/NNEDTOM_Output_Default.uexp" 100
"../../../Engine/Plugins/NNE/NNEDenoiser/Content/NNEDTOM_Output_Alpha.uasset" 101
"../../../Engine/Plugins/NNE/NNEDenoiser/Content/NNEDTOM_Output_Alpha.uexp" 102
"../../../Engine/Plugins/NNE/NNEDenoiser/Content/NNEDTIM_ColorAlbedoNormal_Default.uasset" 103
"../../../Engine/Plugins/NNE/NNEDenoiser/Content/NNEDTIM_ColorAlbedoNormal_Default.uexp" 104
"../../../Engine/Plugins/NNE/NNEDenoiser/Content/NNEDTIM_ColorAlbedoNormal_Alpha.uasset" 105
"../../../Engine/Plugins/NNE/NNEDenoiser/Content/NNEDTIM_ColorAlbedoNormal_Alpha.uexp" 106
"../../../Engine/Plugins/NNE/NNEDenoiser/Content/NNEDOM_Output_Default.uasset" 107
"../../../Engine/Plugins/NNE/NNEDenoiser/Content/NNEDOM_Output_Default.uexp" 108
"../../../Engine/Plugins/NNE/NNEDenoiser/Content/NNEDOM_Output_Alpha.uasset" 109
"../../../Engine/Plugins/NNE/NNEDenoiser/Content/NNEDOM_Output_Alpha.uexp" 110
"../../../Engine/Plugins/NNE/NNEDenoiser/Content/NNEDIM_HighQuality_Default.uasset" 111
"../../../Engine/Plugins/NNE/NNEDenoiser/Content/NNEDIM_HighQuality_Default.uexp" 112
"../../../Engine/Plugins/NNE/NNEDenoiser/Content/NNEDIM_HighQuality_Alpha.uasset" 113
"../../../Engine/Plugins/NNE/NNEDenoiser/Content/NNEDIM_HighQuality_Alpha.uexp" 114
"../../../Engine/Plugins/NNE/NNEDenoiser/Content/NNEDIM_ColorAlbedoNormal_Default.uasset" 115
"../../../Engine/Plugins/NNE/NNEDenoiser/Content/NNEDIM_ColorAlbedoNormal_Default.uexp" 116
"../../../Engine/Plugins/NNE/NNEDenoiser/Content/NNEDIM_ColorAlbedoNormal_Alpha.uasset" 117
"../../../Engine/Plugins/NNE/NNEDenoiser/Content/NNEDIM_ColorAlbedoNormal_Alpha.uexp" 118
"../../../Engine/Content/EngineMaterials/T_Default_Material_Grid_M.ubulk" 119
"../../../Engine/Content/EngineMaterials/T_Default_Material_Grid_M.uasset" 120
"../../../Engine/Content/EngineMaterials/T_Default_Material_Grid_M.uexp" 121
"../../../Engine/Content/Functions/Engine_MaterialFunctions01/Opacity/CameraDepthFade.uasset" 122
"../../../Engine/Content/Functions/Engine_MaterialFunctions01/Opacity/CameraDepthFade.uexp" 123
"../../../Engine/Content/EngineMaterials/T_Default_Material_Grid_N.ubulk" 124
"../../../Engine/Content/EngineMaterials/T_Default_Material_Grid_N.uasset" 125
"../../../Engine/Content/EngineMaterials/T_Default_Material_Grid_N.uexp" 126
"../../../Engine/Content/EngineMaterials/WorldGridMaterial.uasset" 127
"../../../Engine/Content/EngineMaterials/WorldGridMaterial.uexp" 128
"../../../Engine/Plugins/Media/MediaPlate/Content/SM_MediaPlateScreen.uasset" 129
"../../../Engine/Plugins/Media/MediaPlate/Content/SM_MediaPlateScreen.uexp" 130
"../../../Engine/Content/Functions/Engine_MaterialFunctions02/WorldPositionOffset/CameraOffset.uasset" 131
"../../../Engine/Content/Functions/Engine_MaterialFunctions02/WorldPositionOffset/CameraOffset.uexp" 132
"../../../Engine/Plugins/Animation/ControlRig/Content/M_Manip.uasset" 133
"../../../Engine/Plugins/Animation/ControlRig/Content/M_Manip.uexp" 134
"../../../Engine/Content/EngineMaterials/DefaultMaterial.uasset" 135
"../../../Engine/Content/EngineMaterials/DefaultMaterial.uexp" 136
"../../../Engine/Content/BasicShapes/Sphere.uasset" 137
"../../../Engine/Content/BasicShapes/Sphere.uexp" 138
"../../../Engine/Content/BasicShapes/Plane.uasset" 139
"../../../Engine/Content/BasicShapes/Plane.uexp" 140
"../../../Engine/Content/BasicShapes/Cylinder.uasset" 141
"../../../Engine/Content/BasicShapes/Cylinder.uexp" 142
"../../../Engine/Content/BasicShapes/Cone.uasset" 143
"../../../Engine/Content/BasicShapes/Cone.uexp" 144
"../../../Engine/Content/BasicShapes/BasicShapeMaterial.uasset" 145
"../../../Engine/Content/BasicShapes/BasicShapeMaterial.uexp" 146
"../../../Engine/Content/EngineDamageTypes/DmgTypeBP_Environmental.uasset" 147
"../../../Engine/Content/EngineDamageTypes/DmgTypeBP_Environmental.uexp" 148
"../../../Engine/Content/EditorResources/S_Terrain.ubulk" 149
"../../../Engine/Content/EditorResources/S_Terrain.uasset" 150
"../../../Engine/Content/EditorResources/S_Terrain.uexp" 151
"../../../Engine/Content/EditorResources/S_Solver.ubulk" 152
"../../../Engine/Content/EditorResources/S_Solver.uasset" 153
"../../../Engine/Content/EditorResources/S_Solver.uexp" 154
"../../../Engine/Content/EditorResources/BSPVertex.uasset" 155
"../../../Engine/Content/EditorResources/BSPVertex.uexp" 156
"../../../Engine/Content/EditorMaterials/PreviewShadowIndicator.ubulk" 157
"../../../Engine/Content/EditorMaterials/PreviewShadowIndicator.uasset" 158
"../../../Engine/Content/EditorMaterials/PreviewShadowIndicator.uexp" 159
"../../../Engine/Content/EditorMaterials/PreviewShadowIndicatorMaterial.uasset" 160
"../../../Engine/Content/EditorMaterials/PreviewShadowIndicatorMaterial.uexp" 161
"../../../Engine/Content/EditorMaterials/PhAT_UnselectedMaterial.uasset" 162
"../../../Engine/Content/EditorMaterials/PhAT_UnselectedMaterial.uexp" 163
"../../../Engine/Content/EditorMaterials/PhAT_NoCollisionMaterial.uasset" 164
"../../../Engine/Content/EditorMaterials/PhAT_NoCollisionMaterial.uexp" 165
"../../../Engine/Content/EditorLandscapeResources/SplineEditorMeshMat.uasset" 166
"../../../Engine/Content/EditorLandscapeResources/SplineEditorMeshMat.uexp" 167
"../../../Engine/Content/EditorLandscapeResources/SplineEditorMesh.uasset" 168
"../../../Engine/Content/EditorLandscapeResources/SplineEditorMesh.uexp" 169
"../../../Engine/Content/EditorLandscapeResources/WhiteSquareTexture.uasset" 170
"../../../Engine/Content/EditorLandscapeResources/WhiteSquareTexture.uexp" 171
"../../../Engine/Content/EditorLandscapeResources/DefaultAlphaTexture.uasset" 172
"../../../Engine/Content/EditorLandscapeResources/DefaultAlphaTexture.uexp" 173
"../../../Engine/Content/Functions/Engine_MaterialFunctions03/Math/WithinRangeFloat2.uasset" 174
"../../../Engine/Content/Functions/Engine_MaterialFunctions03/Math/WithinRangeFloat2.uexp" 175
"../../../Engine/Content/EditorLandscapeResources/SelectBrushMaterial.uasset" 176
"../../../Engine/Content/EditorLandscapeResources/SelectBrushMaterial.uexp" 177
"../../../Engine/Content/EditorLandscapeResources/SelectBrushMaterial_SelectedRegion.uasset" 178
"../../../Engine/Content/EditorLandscapeResources/SelectBrushMaterial_SelectedRegion.uexp" 179
"../../../Engine/Content/EditorLandscapeResources/SelectBrushMaterial_Selected.uasset" 180
"../../../Engine/Content/EditorLandscapeResources/SelectBrushMaterial_Selected.uexp" 181
"../../../Engine/Content/Functions/Engine_MaterialFunctions02/Utility/MakeFloat3.uasset" 182
"../../../Engine/Content/Functions/Engine_MaterialFunctions02/Utility/MakeFloat3.uexp" 183
"../../../Engine/Content/EditorLandscapeResources/MaskBrushMaterial.uasset" 184
"../../../Engine/Content/EditorLandscapeResources/MaskBrushMaterial.uexp" 185
"../../../Engine/Content/EditorLandscapeResources/MaskBrushMaterial_MaskedRegion.uasset" 186
"../../../Engine/Content/EditorLandscapeResources/MaskBrushMaterial_MaskedRegion.uexp" 187
"../../../Engine/Content/EditorLandscapeResources/LayerVisMaterial.uasset" 188
"../../../Engine/Content/EditorLandscapeResources/LayerVisMaterial.uexp" 189
"../../../Engine/Content/Functions/Engine_MaterialFunctions02/Utility/BreakOutFloat2Components.uasset" 190
"../../../Engine/Content/Functions/Engine_MaterialFunctions02/Utility/BreakOutFloat2Components.uexp" 191
"../../../Engine/Content/Functions/Engine_MaterialFunctions01/Texturing/ScaleUVsByCenter.uasset" 192
"../../../Engine/Content/Functions/Engine_MaterialFunctions01/Texturing/ScaleUVsByCenter.uexp" 193
"../../../Engine/Content/Functions/Engine_MaterialFunctions02/WorldPositionOffset/LocalPosition.uasset" 194
"../../../Engine/Content/Functions/Engine_MaterialFunctions02/WorldPositionOffset/LocalPosition.uexp" 195
"../../../Engine/Content/EngineMaterials/DefaultDiffuse.ubulk" 196
"../../../Engine/Content/EngineMaterials/DefaultDiffuse.uasset" 197
"../../../Engine/Content/EngineMaterials/DefaultDiffuse.uexp" 198
"../../../Engine/Content/Functions/Engine_MaterialFunctions01/Texturing/TextureCropping.uasset" 199
"../../../Engine/Content/Functions/Engine_MaterialFunctions01/Texturing/TextureCropping.uexp" 200
"../../../Engine/Content/Functions/Engine_MaterialFunctions02/ExampleContent/DebugNumberStrip.uasset" 201
"../../../Engine/Content/Functions/Engine_MaterialFunctions02/ExampleContent/DebugNumberStrip.uexp" 202
"../../../Engine/Content/Functions/Engine_MaterialFunctions01/Debug/DebugIntValues.uasset" 203
"../../../Engine/Content/Functions/Engine_MaterialFunctions01/Debug/DebugIntValues.uexp" 204
"../../../Engine/Content/EditorLandscapeResources/LandscapeLayerUsageMaterial.uasset" 205
"../../../Engine/Content/EditorLandscapeResources/LandscapeLayerUsageMaterial.uexp" 206
"../../../Engine/Content/EditorLandscapeResources/LandscapeDirtyMaterial.uasset" 207
"../../../Engine/Content/EditorLandscapeResources/LandscapeDirtyMaterial.uexp" 208
"../../../Engine/Content/EditorLandscapeResources/ColorMaskBrushMaterial.uasset" 209
"../../../Engine/Content/EditorLandscapeResources/ColorMaskBrushMaterial.uexp" 210
"../../../Engine/Content/EditorLandscapeResources/ColorMaskBrushMaterial_MaskedRegion.uasset" 211
"../../../Engine/Content/EditorLandscapeResources/ColorMaskBrushMaterial_MaskedRegion.uexp" 212
"../../../Engine/Content/Functions/Engine_MaterialFunctions02/Utility/VectorLength.uasset" 213
"../../../Engine/Content/Functions/Engine_MaterialFunctions02/Utility/VectorLength.uexp" 214
"../../../Engine/Content/Functions/Engine_MaterialFunctions02/Utility/BreakOutFloat3Components.uasset" 215
"../../../Engine/Content/Functions/Engine_MaterialFunctions02/Utility/BreakOutFloat3Components.uexp" 216
"../../../Engine/Content/Functions/Engine_MaterialFunctions02/WorldPositionOffset/ObjectScale.uasset" 217
"../../../Engine/Content/Functions/Engine_MaterialFunctions02/WorldPositionOffset/ObjectScale.uexp" 218
"../../../Engine/Content/Functions/Engine_MaterialFunctions02/SafeNormalize.uasset" 219
"../../../Engine/Content/Functions/Engine_MaterialFunctions02/SafeNormalize.uexp" 220
"../../../Engine/Plugins/Editor/SpeedTreeImporter/Content/SpeedTree9/UnpackInteger3.uasset" 221
"../../../Engine/Plugins/Editor/SpeedTreeImporter/Content/SpeedTree9/UnpackInteger3.uexp" 222
"../../../Engine/Plugins/Editor/SpeedTreeImporter/Content/SpeedTree9/UnpackDirection.uasset" 223
"../../../Engine/Plugins/Editor/SpeedTreeImporter/Content/SpeedTree9/UnpackDirection.uexp" 224
"../../../Engine/Plugins/Editor/SpeedTreeImporter/Content/SpeedTree9/game_wind_noise.ubulk" 225
"../../../Engine/Plugins/Editor/SpeedTreeImporter/Content/SpeedTree9/game_wind_noise.uasset" 226
"../../../Engine/Plugins/Editor/SpeedTreeImporter/Content/SpeedTree9/game_wind_noise.uexp" 227
"../../../Engine/Plugins/Editor/SpeedTreeImporter/Content/SpeedTree9/SpeedTreeWindMotion.uasset" 228
"../../../Engine/Plugins/Editor/SpeedTreeImporter/Content/SpeedTree9/SpeedTreeWindMotion.uexp" 229
"../../../Engine/Plugins/Editor/SpeedTreeImporter/Content/SpeedTree9/SpeedTreeBranchMotion.uasset" 230
"../../../Engine/Plugins/Editor/SpeedTreeImporter/Content/SpeedTree9/SpeedTreeBranchMotion.uexp" 231
"../../../Engine/Content/Functions/Engine_MaterialFunctions02/ObjectLocalBounds.uasset" 232
"../../../Engine/Content/Functions/Engine_MaterialFunctions02/ObjectLocalBounds.uexp" 233
"../../../Engine/Content/Functions/Engine_MaterialFunctions02/UVs/BoundingBoxBased_0-1_UVW.uasset" 234
"../../../Engine/Content/Functions/Engine_MaterialFunctions02/UVs/BoundingBoxBased_0-1_UVW.uexp" 235
"../../../Engine/Plugins/Editor/SpeedTreeImporter/Content/SpeedTree9/SpeedTreeWind.uasset" 236
"../../../Engine/Plugins/Editor/SpeedTreeImporter/Content/SpeedTree9/SpeedTreeWind.uexp" 237
"../../../Engine/Plugins/Editor/SpeedTreeImporter/Content/SpeedTree9/SpeedTreeCameraFacing.uasset" 238
"../../../Engine/Plugins/Editor/SpeedTreeImporter/Content/SpeedTree9/SpeedTreeCameraFacing.uexp" 239
"../../../Engine/Plugins/Editor/SpeedTreeImporter/Content/SpeedTree9/EmptyNormal.uasset" 240
"../../../Engine/Plugins/Editor/SpeedTreeImporter/Content/SpeedTree9/EmptyNormal.uexp" 241
"../../../Engine/Plugins/Editor/SpeedTreeImporter/Content/SpeedTree9/Empty.uasset" 242
"../../../Engine/Plugins/Editor/SpeedTreeImporter/Content/SpeedTree9/Empty.uexp" 243
"../../../Engine/Plugins/Editor/SpeedTreeImporter/Content/SpeedTree9/SpeedTreeMaster.uasset" 244
"../../../Engine/Plugins/Editor/SpeedTreeImporter/Content/SpeedTree9/SpeedTreeMaster.uexp" 245
"../../../Engine/Plugins/Editor/SpeedTreeImporter/Content/SpeedTree9/SpeedTreeBillboard.uasset" 246
"../../../Engine/Plugins/Editor/SpeedTreeImporter/Content/SpeedTree9/SpeedTreeBillboard.uexp" 247
"../../../Engine/Plugins/Editor/SpeedTreeImporter/Content/SpeedTree9/SpeedTreeBillboardMaster.uasset" 248
"../../../Engine/Plugins/Editor/SpeedTreeImporter/Content/SpeedTree9/SpeedTreeBillboardMaster.uexp" 249
"../../../Engine/Plugins/Animation/ControlRig/Content/Controls/ControlRig_Wedge_solid.uasset" 250
"../../../Engine/Plugins/Animation/ControlRig/Content/Controls/ControlRig_Wedge_solid.uexp" 251
"../../../Engine/Plugins/Animation/ControlRig/Content/Controls/ControlRig_Wedge_3mm.uasset" 252
"../../../Engine/Plugins/Animation/ControlRig/Content/Controls/ControlRig_Wedge_3mm.uexp" 253
"../../../Engine/Plugins/Animation/ControlRig/Content/Controls/ControlRig_Wedge_1mm.uasset" 254
"../../../Engine/Plugins/Animation/ControlRig/Content/Controls/ControlRig_Wedge_1mm.uexp" 255
"../../../Engine/Plugins/Animation/ControlRig/Content/Controls/ControlRig_Triangle_solid.uasset" 256
"../../../Engine/Plugins/Animation/ControlRig/Content/Controls/ControlRig_Triangle_solid.uexp" 257
"../../../Engine/Plugins/Animation/ControlRig/Content/Controls/ControlRig_Triangle_3mm.uasset" 258
"../../../Engine/Plugins/Animation/ControlRig/Content/Controls/ControlRig_Triangle_3mm.uexp" 259
"../../../Engine/Plugins/Animation/ControlRig/Content/Controls/ControlRig_Triangle_1mm.uasset" 260
"../../../Engine/Plugins/Animation/ControlRig/Content/Controls/ControlRig_Triangle_1mm.uexp" 261
"../../../Engine/Plugins/Animation/ControlRig/Content/Controls/ControlRig_Star4_solid.uasset" 262
"../../../Engine/Plugins/Animation/ControlRig/Content/Controls/ControlRig_Star4_solid.uexp" 263
"../../../Engine/Plugins/Animation/ControlRig/Content/Controls/ControlRig_Star4_3mm.uasset" 264
"../../../Engine/Plugins/Animation/ControlRig/Content/Controls/ControlRig_Star4_3mm.uexp" 265
"../../../Engine/Plugins/Animation/ControlRig/Content/Controls/ControlRig_Star4_1mm.uasset" 266
"../../../Engine/Plugins/Animation/ControlRig/Content/Controls/ControlRig_Star4_1mm.uexp" 267
"../../../Engine/Plugins/Animation/ControlRig/Content/Controls/ControlRig_Square_solid.uasset" 268
"../../../Engine/Plugins/Animation/ControlRig/Content/Controls/ControlRig_Square_solid.uexp" 269
"../../../Engine/Plugins/Animation/ControlRig/Content/Controls/ControlRig_Square_3mm.uasset" 270
"../../../Engine/Plugins/Animation/ControlRig/Content/Controls/ControlRig_Square_3mm.uexp" 271
"../../../Engine/Plugins/Animation/ControlRig/Content/Controls/ControlRig_Square_1mm.uasset" 272
"../../../Engine/Plugins/Animation/ControlRig/Content/Controls/ControlRig_Square_1mm.uexp" 273
"../../../Engine/Plugins/Animation/ControlRig/Content/Controls/ControlRig_Sphere_solid.uasset" 274
"../../../Engine/Plugins/Animation/ControlRig/Content/Controls/ControlRig_Sphere_solid.uexp" 275
"../../../Engine/Plugins/Animation/ControlRig/Content/Controls/ControlRig_Sphere_3mm.uasset" 276
"../../../Engine/Plugins/Animation/ControlRig/Content/Controls/ControlRig_Sphere_3mm.uexp" 277
"../../../Engine/Plugins/Animation/ControlRig/Content/Controls/ControlRig_Sphere_1mm.uasset" 278
"../../../Engine/Plugins/Animation/ControlRig/Content/Controls/ControlRig_Sphere_1mm.uexp" 279
"../../../Engine/Plugins/Animation/ControlRig/Content/Controls/ControlRig_RoundedTriangle_solid.uasset" 280
"../../../Engine/Plugins/Animation/ControlRig/Content/Controls/ControlRig_RoundedTriangle_solid.uexp" 281
"../../../Engine/Plugins/Animation/ControlRig/Content/Controls/ControlRig_RoundedTriangle_3mm.uasset" 282
"../../../Engine/Plugins/Animation/ControlRig/Content/Controls/ControlRig_RoundedTriangle_3mm.uexp" 283
"../../../Engine/Plugins/Animation/ControlRig/Content/Controls/ControlRig_RoundedTriangle_1mm.uasset" 284
"../../../Engine/Plugins/Animation/ControlRig/Content/Controls/ControlRig_RoundedTriangle_1mm.uexp" 285
"../../../Engine/Plugins/Animation/ControlRig/Content/Controls/ControlRig_RoundedSquare_solid.uasset" 286
"../../../Engine/Plugins/Animation/ControlRig/Content/Controls/ControlRig_RoundedSquare_solid.uexp" 287
"../../../Engine/Plugins/Animation/ControlRig/Content/Controls/ControlRig_RoundedSquare_3mm.uasset" 288
"../../../Engine/Plugins/Animation/ControlRig/Content/Controls/ControlRig_RoundedSquare_3mm.uexp" 289
"../../../Engine/Plugins/Animation/ControlRig/Content/Controls/ControlRig_RoundedSquare_1mm.uasset" 290
"../../../Engine/Plugins/Animation/ControlRig/Content/Controls/ControlRig_RoundedSquare_1mm.uexp" 291
"../../../Engine/Plugins/Animation/ControlRig/Content/Controls/ControlRig_QuarterCircle_solid.uasset" 292
"../../../Engine/Plugins/Animation/ControlRig/Content/Controls/ControlRig_QuarterCircle_solid.uexp" 293
"../../../Engine/Plugins/Animation/ControlRig/Content/Controls/ControlRig_QuarterCircle_3mm.uasset" 294
"../../../Engine/Plugins/Animation/ControlRig/Content/Controls/ControlRig_QuarterCircle_3mm.uexp" 295
"../../../Engine/Plugins/Animation/ControlRig/Content/Controls/ControlRig_QuarterCircle_1mm.uasset" 296
"../../../Engine/Plugins/Animation/ControlRig/Content/Controls/ControlRig_QuarterCircle_1mm.uexp" 297
"../../../Engine/Plugins/Animation/ControlRig/Content/Controls/ControlRig_Pyramid_solid.uasset" 298
"../../../Engine/Plugins/Animation/ControlRig/Content/Controls/ControlRig_Pyramid_solid.uexp" 299
"../../../Engine/Plugins/Animation/ControlRig/Content/Controls/ControlRig_Pyramid_3mm.uasset" 300
"../../../Engine/Plugins/Animation/ControlRig/Content/Controls/ControlRig_Pyramid_3mm.uexp" 301
"../../../Engine/Plugins/Animation/ControlRig/Content/Controls/ControlRig_Pyramid_1mm.uasset" 302
"../../../Engine/Plugins/Animation/ControlRig/Content/Controls/ControlRig_Pyramid_1mm.uexp" 303
"../../../Engine/Plugins/Animation/ControlRig/Content/Controls/ControlRig_Octagon_solid.uasset" 304
"../../../Engine/Plugins/Animation/ControlRig/Content/Controls/ControlRig_Octagon_solid.uexp" 305
"../../../Engine/Plugins/Animation/ControlRig/Content/Controls/ControlRig_Octagon_3mm.uasset" 306
"../../../Engine/Plugins/Animation/ControlRig/Content/Controls/ControlRig_Octagon_3mm.uexp" 307
"../../../Engine/Plugins/Animation/ControlRig/Content/Controls/ControlRig_Octagon_1mm.uasset" 308
"../../../Engine/Plugins/Animation/ControlRig/Content/Controls/ControlRig_Octagon_1mm.uexp" 309
"../../../Engine/Plugins/Animation/ControlRig/Content/Controls/ControlRig_Hexagon_solid.uasset" 310
"../../../Engine/Plugins/Animation/ControlRig/Content/Controls/ControlRig_Hexagon_solid.uexp" 311
"../../../Engine/Plugins/Animation/ControlRig/Content/Controls/ControlRig_Hexagon_3mm.uasset" 312
"../../../Engine/Plugins/Animation/ControlRig/Content/Controls/ControlRig_Hexagon_3mm.uexp" 313
"../../../Engine/Plugins/Animation/ControlRig/Content/Controls/ControlRig_Hexagon_1mm.uasset" 314
"../../../Engine/Plugins/Animation/ControlRig/Content/Controls/ControlRig_Hexagon_1mm.uexp" 315
"../../../Engine/Plugins/Animation/ControlRig/Content/Controls/ControlRig_HalfCircle_solid.uasset" 316
"../../../Engine/Plugins/Animation/ControlRig/Content/Controls/ControlRig_HalfCircle_solid.uexp" 317
"../../../Engine/Plugins/Animation/ControlRig/Content/Controls/ControlRig_HalfCircle_3mm.uasset" 318
"../../../Engine/Plugins/Animation/ControlRig/Content/Controls/ControlRig_HalfCircle_3mm.uexp" 319
"../../../Engine/Plugins/Animation/ControlRig/Content/Controls/ControlRig_HalfCircle_1mm.uasset" 320
"../../../Engine/Plugins/Animation/ControlRig/Content/Controls/ControlRig_HalfCircle_1mm.uexp" 321
"../../../Engine/Plugins/Animation/ControlRig/Content/Controls/ControlRig_Diamond_solid.uasset" 322
"../../../Engine/Plugins/Animation/ControlRig/Content/Controls/ControlRig_Diamond_solid.uexp" 323
"../../../Engine/Plugins/Animation/ControlRig/Content/Controls/ControlRig_Diamond_3mm.uasset" 324
"../../../Engine/Plugins/Animation/ControlRig/Content/Controls/ControlRig_Diamond_3mm.uexp" 325
"../../../Engine/Plugins/Animation/ControlRig/Content/Controls/ControlRig_Diamond_1mm.uasset" 326
"../../../Engine/Plugins/Animation/ControlRig/Content/Controls/ControlRig_Diamond_1mm.uexp" 327
"../../../Engine/Plugins/Animation/ControlRig/Content/Controls/ControlRig_Circle_solid.uasset" 328
"../../../Engine/Plugins/Animation/ControlRig/Content/Controls/ControlRig_Circle_solid.uexp" 329
"../../../Engine/Plugins/Animation/ControlRig/Content/Controls/ControlRig_Circle_3mm.uasset" 330
"../../../Engine/Plugins/Animation/ControlRig/Content/Controls/ControlRig_Circle_3mm.uexp" 331
"../../../Engine/Plugins/Animation/ControlRig/Content/Controls/ControlRig_Circle_1mm.uasset" 332
"../../../Engine/Plugins/Animation/ControlRig/Content/Controls/ControlRig_Circle_1mm.uexp" 333
"../../../Engine/Plugins/Animation/ControlRig/Content/Controls/ControlRig_Box_solid.uasset" 334
"../../../Engine/Plugins/Animation/ControlRig/Content/Controls/ControlRig_Box_solid.uexp" 335
"../../../Engine/Plugins/Animation/ControlRig/Content/Controls/ControlRig_Box_3mm.uasset" 336
"../../../Engine/Plugins/Animation/ControlRig/Content/Controls/ControlRig_Box_3mm.uexp" 337
"../../../Engine/Plugins/Animation/ControlRig/Content/Controls/ControlRig_Box_1mm.uasset" 338
"../../../Engine/Plugins/Animation/ControlRig/Content/Controls/ControlRig_Box_1mm.uexp" 339
"../../../Engine/Plugins/Animation/ControlRig/Content/Controls/ControlRig_Arrow_solid.uasset" 340
"../../../Engine/Plugins/Animation/ControlRig/Content/Controls/ControlRig_Arrow_solid.uexp" 341
"../../../Engine/Plugins/Animation/ControlRig/Content/Controls/ControlRig_Arrow_3mm.uasset" 342
"../../../Engine/Plugins/Animation/ControlRig/Content/Controls/ControlRig_Arrow_3mm.uexp" 343
"../../../Engine/Plugins/Animation/ControlRig/Content/Controls/ControlRig_Arrow_1mm.uasset" 344
"../../../Engine/Plugins/Animation/ControlRig/Content/Controls/ControlRig_Arrow_1mm.uexp" 345
"../../../Engine/Plugins/Animation/ControlRig/Content/Controls/ControlRig_Arrow4_solid.uasset" 346
"../../../Engine/Plugins/Animation/ControlRig/Content/Controls/ControlRig_Arrow4_solid.uexp" 347
"../../../Engine/Plugins/Animation/ControlRig/Content/Controls/ControlRig_Arrow4_3mm.uasset" 348
"../../../Engine/Plugins/Animation/ControlRig/Content/Controls/ControlRig_Arrow4_3mm.uexp" 349
"../../../Engine/Plugins/Animation/ControlRig/Content/Controls/ControlRig_Arrow4_1mm.uasset" 350
"../../../Engine/Plugins/Animation/ControlRig/Content/Controls/ControlRig_Arrow4_1mm.uexp" 351
"../../../Engine/Plugins/Animation/ControlRig/Content/Controls/ControlRig_Arrow2_solid.uasset" 352
"../../../Engine/Plugins/Animation/ControlRig/Content/Controls/ControlRig_Arrow2_solid.uexp" 353
"../../../Engine/Plugins/Animation/ControlRig/Content/Controls/ControlRig_Arrow2_3mm.uasset" 354
"../../../Engine/Plugins/Animation/ControlRig/Content/Controls/ControlRig_Arrow2_3mm.uexp" 355
"../../../Engine/Plugins/Animation/ControlRig/Content/Controls/ControlRig_Arrow2_1mm.uasset" 356
"../../../Engine/Plugins/Animation/ControlRig/Content/Controls/ControlRig_Arrow2_1mm.uexp" 357
"../../../Engine/Plugins/Animation/ControlRig/Content/Controls/ControlRigXRayMaterial.uasset" 358
"../../../Engine/Plugins/Animation/ControlRig/Content/Controls/ControlRigXRayMaterial.uexp" 359
"../../../Engine/Plugins/Animation/ControlRig/Content/Controls/ControlRigGizmoMaterial.uasset" 360
"../../../Engine/Plugins/Animation/ControlRig/Content/Controls/ControlRigGizmoMaterial.uexp" 361
"../../../Engine/Content/MapTemplates/SM_Template_Map_Floor.uasset" 362
"../../../Engine/Content/MapTemplates/SM_Template_Map_Floor.uexp" 363
"../../../Engine/Content/EngineSky/T_Sky_Stars.ubulk" 364
"../../../Engine/Content/EngineSky/T_Sky_Stars.uasset" 365
"../../../Engine/Content/EngineSky/T_Sky_Stars.uexp" 366
"../../../Engine/Content/EngineSky/T_Sky_Clouds_M.ubulk" 367
"../../../Engine/Content/EngineSky/T_Sky_Clouds_M.uasset" 368
"../../../Engine/Content/EngineSky/T_Sky_Clouds_M.uexp" 369
"../../../Engine/Content/EngineSky/T_Sky_Blue.ubulk" 370
"../../../Engine/Content/EngineSky/T_Sky_Blue.uasset" 371
"../../../Engine/Content/EngineSky/T_Sky_Blue.uexp" 372
"../../../Engine/Content/EngineSky/M_Sky_Panning_Clouds2.uasset" 373
"../../../Engine/Content/EngineSky/M_Sky_Panning_Clouds2.uexp" 374
"../../../Engine/Content/EngineSky/SM_SkySphere.uasset" 375
"../../../Engine/Content/EngineSky/SM_SkySphere.uexp" 376
"../../../Engine/Content/EngineSky/M_SimpleSkyDome.uasset" 377
"../../../Engine/Content/EngineSky/M_SimpleSkyDome.uexp" 378
"../../../Engine/Content/EngineResources/WhiteSquareTexture.uasset" 379
"../../../Engine/Content/EngineResources/WhiteSquareTexture.uexp" 380
"../../../Engine/Content/EngineMaterials/Widget3DPassThrough.uasset" 381
"../../../Engine/Content/EngineMaterials/Widget3DPassThrough.uexp" 382
"../../../Engine/Content/EngineMaterials/Widget3DPassThrough_Translucent.uasset" 383
"../../../Engine/Content/EngineMaterials/Widget3DPassThrough_Translucent.uexp" 384
"../../../Engine/Content/EngineMaterials/Widget3DPassThrough_Translucent_OneSided.uasset" 385
"../../../Engine/Content/EngineMaterials/Widget3DPassThrough_Translucent_OneSided.uexp" 386
"../../../Engine/Content/EngineMaterials/Widget3DPassThrough_Opaque.uasset" 387
"../../../Engine/Content/EngineMaterials/Widget3DPassThrough_Opaque.uexp" 388
"../../../Engine/Content/EngineMaterials/Widget3DPassThrough_Opaque_OneSided.uasset" 389
"../../../Engine/Content/EngineMaterials/Widget3DPassThrough_Opaque_OneSided.uexp" 390
"../../../Engine/Content/EngineMaterials/Widget3DPassThrough_Masked_OneSided.uasset" 391
"../../../Engine/Content/EngineMaterials/Widget3DPassThrough_Masked_OneSided.uexp" 392
"../../../Engine/Content/EngineMaterials/Widget3DPassThrough_Masked.uasset" 393
"../../../Engine/Content/EngineMaterials/Widget3DPassThrough_Masked.uexp" 394
"../../../Engine/Content/EngineMaterials/WeightMapPlaceholderTexture.uasset" 395
"../../../Engine/Content/EngineMaterials/WeightMapPlaceholderTexture.uexp" 396
"../../../Engine/Content/EngineMaterials/WeightMapArrayPlaceholderTexture.uasset" 397
"../../../Engine/Content/EngineMaterials/WeightMapArrayPlaceholderTexture.uexp" 398
"../../../Engine/Content/EngineMaterials/RemoveSurfaceMaterial.uasset" 399
"../../../Engine/Content/EngineMaterials/RemoveSurfaceMaterial.uexp" 400
"../../../Engine/Content/EngineMaterials/PreintegratedSkinBRDF.uasset" 401
"../../../Engine/Content/EngineMaterials/PreintegratedSkinBRDF.uexp" 402
"../../../Engine/Content/EngineMaterials/DefaultCalibrationGrayscale.uasset" 403
"../../../Engine/Content/EngineMaterials/DefaultCalibrationGrayscale.uexp" 404
"../../../Engine/Content/EngineMaterials/PPM_DefaultCalibrationGrayscale.uasset" 405
"../../../Engine/Content/EngineMaterials/PPM_DefaultCalibrationGrayscale.uexp" 406
"../../../Engine/Content/EngineMaterials/DefaultCalibrationColor.uasset" 407
"../../../Engine/Content/EngineMaterials/DefaultCalibrationColor.uexp" 408
"../../../Engine/Content/EngineMaterials/PPM_DefaultCalibrationColor.uasset" 409
"../../../Engine/Content/EngineMaterials/PPM_DefaultCalibrationColor.uexp" 410
"../../../Engine/Content/EngineMaterials/PhAT_JointLimitMaterial.uasset" 411
"../../../Engine/Content/EngineMaterials/PhAT_JointLimitMaterial.uexp" 412
"../../../Engine/Content/EngineMaterials/NaniteHiddenSectionMaterial.uasset" 413
"../../../Engine/Content/EngineMaterials/NaniteHiddenSectionMaterial.uexp" 414
"../../../Engine/Content/EngineMaterials/InvalidLightmapSettings.ubulk" 415
"../../../Engine/Content/EngineMaterials/InvalidLightmapSettings.uasset" 416
"../../../Engine/Content/EngineMaterials/InvalidLightmapSettings.uexp" 417
"../../../Engine/Content/EngineMaterials/M_InvalidLightmapSettings.uasset" 418
"../../../Engine/Content/EngineMaterials/M_InvalidLightmapSettings.uexp" 419
"../../../Engine/Content/EngineMaterials/MiniFont.uasset" 420
"../../../Engine/Content/EngineMaterials/MiniFont.uexp" 421
"../../../Engine/Content/EngineMaterials/GizmoMaterial.uasset" 422
"../../../Engine/Content/EngineMaterials/GizmoMaterial.uexp" 423
"../../../Engine/Content/EngineMaterials/BaseFlattenDiffuseMap_VT.ubulk" 424
"../../../Engine/Content/EngineMaterials/BaseFlattenDiffuseMap_VT.uasset" 425
"../../../Engine/Content/EngineMaterials/BaseFlattenDiffuseMap_VT.uexp" 426
"../../../Engine/Content/EngineMaterials/BaseFlattenEmissiveMap_VT.ubulk" 427
"../../../Engine/Content/EngineMaterials/BaseFlattenEmissiveMap_VT.uasset" 428
"../../../Engine/Content/EngineMaterials/BaseFlattenEmissiveMap_VT.uexp" 429
"../../../Engine/Content/EngineMaterials/BaseFlattenGrayscaleMap_VT.ubulk" 430
"../../../Engine/Content/EngineMaterials/BaseFlattenGrayscaleMap_VT.uasset" 431
"../../../Engine/Content/EngineMaterials/BaseFlattenGrayscaleMap_VT.uexp" 432
"../../../Engine/Content/EngineMaterials/BaseFlattenLinearColor_VT.ubulk" 433
"../../../Engine/Content/EngineMaterials/BaseFlattenLinearColor_VT.uasset" 434
"../../../Engine/Content/EngineMaterials/BaseFlattenLinearColor_VT.uexp" 435
"../../../Engine/Content/EngineMaterials/BaseFlattenNormalMap_VT.ubulk" 436
"../../../Engine/Content/EngineMaterials/BaseFlattenNormalMap_VT.uasset" 437
"../../../Engine/Content/EngineMaterials/BaseFlattenNormalMap_VT.uexp" 438
"../../../Engine/Content/EngineMaterials/Black_1x1_EXR_Texture_VT.ubulk" 439
"../../../Engine/Content/EngineMaterials/Black_1x1_EXR_Texture_VT.uasset" 440
"../../../Engine/Content/EngineMaterials/Black_1x1_EXR_Texture_VT.uexp" 441
"../../../Engine/Content/EngineMaterials/FlattenMaterial_WS_Normal_VT.uasset" 442
"../../../Engine/Content/EngineMaterials/FlattenMaterial_WS_Normal_VT.uexp" 443
"../../../Engine/Content/EngineMaterials/FlattenMaterial_VT.uasset" 444
"../../../Engine/Content/EngineMaterials/FlattenMaterial_VT.uexp" 445
"../../../Engine/Content/EngineMaterials/BaseFlattenNormalMap.uasset" 446
"../../../Engine/Content/EngineMaterials/BaseFlattenNormalMap.uexp" 447
"../../../Engine/Content/EngineMaterials/BaseFlattenDiffuseMap.uasset" 448
"../../../Engine/Content/EngineMaterials/BaseFlattenDiffuseMap.uexp" 449
"../../../Engine/Content/EngineMaterials/BaseFlattenEmissiveMap.uasset" 450
"../../../Engine/Content/EngineMaterials/BaseFlattenEmissiveMap.uexp" 451
"../../../Engine/Content/EngineMaterials/BaseFlattenGrayscaleMap.uasset" 452
"../../../Engine/Content/EngineMaterials/BaseFlattenGrayscaleMap.uexp" 453
"../../../Engine/Content/EngineMaterials/BaseFlattenLinearColor.uasset" 454
"../../../Engine/Content/EngineMaterials/BaseFlattenLinearColor.uexp" 455
"../../../Engine/Content/Functions/Engine_MaterialFunctions02/PivotPainter2/Black_1x1_EXR_Texture.uasset" 456
"../../../Engine/Content/Functions/Engine_MaterialFunctions02/PivotPainter2/Black_1x1_EXR_Texture.uexp" 457
"../../../Engine/Content/EngineMaterials/FlattenMaterial.uasset" 458
"../../../Engine/Content/EngineMaterials/FlattenMaterial.uexp" 459
"../../../Engine/Content/EngineMaterials/FastBlueNoise_vec2_128x128x64.uasset" 460
"../../../Engine/Content/EngineMaterials/FastBlueNoise_vec2_128x128x64.uexp" 461
"../../../Engine/Content/EngineMaterials/FastBlueNoise_scalar_128x128x8.uasset" 462
"../../../Engine/Content/EngineMaterials/FastBlueNoise_scalar_128x128x8.uexp" 463
"../../../Engine/Content/EngineMaterials/FastBlueNoise_scalar_128x128x64.uasset" 464
"../../../Engine/Content/EngineMaterials/FastBlueNoise_scalar_128x128x64.uexp" 465
"../../../Engine/Content/EngineMaterials/DefaultWhiteGrid_Low.uasset" 466
"../../../Engine/Content/EngineMaterials/DefaultWhiteGrid_Low.uexp" 467
"../../../Engine/Content/EngineMaterials/EmissiveMeshMaterial.uasset" 468
"../../../Engine/Content/EngineMaterials/EmissiveMeshMaterial.uexp" 469
"../../../Engine/Content/EngineMaterials/DefaultWhiteGrid.ubulk" 470
"../../../Engine/Content/EngineMaterials/DefaultWhiteGrid.uasset" 471
"../../../Engine/Content/EngineMaterials/DefaultWhiteGrid.uexp" 472
"../../../Engine/Content/EngineFonts/RobotoDistanceField.uasset" 473
"../../../Engine/Content/EngineFonts/RobotoDistanceField.uexp" 474
"../../../Engine/Content/EngineMaterials/DefaultTextMaterialOpaque.uasset" 475
"../../../Engine/Content/EngineMaterials/DefaultTextMaterialOpaque.uexp" 476
"../../../Engine/Content/EngineMaterials/DefaultPostProcessMaterial.uasset" 477
"../../../Engine/Content/EngineMaterials/DefaultPostProcessMaterial.uexp" 478
"../../../Engine/Content/EngineMaterials/DefaultLightFunctionMaterial.uasset" 479
"../../../Engine/Content/EngineMaterials/DefaultLightFunctionMaterial.uexp" 480
"../../../Engine/Content/EngineMaterials/DefaultDeferredDecalMaterial.uasset" 481
"../../../Engine/Content/EngineMaterials/DefaultDeferredDecalMaterial.uexp" 482
"../../../Engine/Content/EngineMaterials/DefaultBokeh.uasset" 483
"../../../Engine/Content/EngineMaterials/DefaultBokeh.uexp" 484
"../../../Engine/Content/EngineMaterials/DefaultBloomKernel.uasset" 485
"../../../Engine/Content/EngineMaterials/DefaultBloomKernel.uexp" 486
"../../../Engine/Content/Functions/Engine_MaterialFunctions02/Utility/CameraDirectionVector.uasset" 487
"../../../Engine/Content/Functions/Engine_MaterialFunctions02/Utility/CameraDirectionVector.uexp" 488
"../../../Engine/Content/EngineDebugMaterials/VolumeToRender.uasset" 489
"../../../Engine/Content/EngineDebugMaterials/VolumeToRender.uexp" 490
"../../../Engine/Content/EngineDebugMaterials/M_VolumeRenderSphereTracePP.uasset" 491
"../../../Engine/Content/EngineDebugMaterials/M_VolumeRenderSphereTracePP.uexp" 492
"../../../Engine/Content/EngineDebugMaterials/M_SimpleUnlitTranslucent.uasset" 493
"../../../Engine/Content/EngineDebugMaterials/M_SimpleUnlitTranslucent.uexp" 494
"../../../Engine/Content/EngineDebugMaterials/DebugMeshMaterial.uasset" 495
"../../../Engine/Content/EngineDebugMaterials/DebugMeshMaterial.uexp" 496
"../../../Engine/Content/EngineDebugMaterials/DebugEditorMaterial.uasset" 497
"../../../Engine/Content/EngineDebugMaterials/DebugEditorMaterial.uexp" 498
"D:/unreal_cosas/skate_task/MauriSkate/Content/LevelPrototyping/Materials/M_FlatCol.uasset" 499
"D:/unreal_cosas/skate_task/MauriSkate/Content/LevelPrototyping/Materials/M_FlatCol.uexp" 500
"D:/unreal_cosas/skate_task/MauriSkate/Content/LevelPrototyping/Materials/MI_DefaultColorway.uasset" 501
"D:/unreal_cosas/skate_task/MauriSkate/Content/LevelPrototyping/Materials/MI_DefaultColorway.uexp" 502
"D:/unreal_cosas/skate_task/MauriSkate/Content/ThirdPerson/MI_ThirdPersonColWay.uasset" 503
"D:/unreal_cosas/skate_task/MauriSkate/Content/ThirdPerson/MI_ThirdPersonColWay.uexp" 504
"../../../Engine/Plugins/VirtualProduction/CameraCalibrationCore/Content/Materials/M_DefaultOddSquare.uasset" 505
"../../../Engine/Plugins/VirtualProduction/CameraCalibrationCore/Content/Materials/M_DefaultOddSquare.uexp" 506
"../../../Engine/Plugins/VirtualProduction/CameraCalibrationCore/Content/Materials/M_DefaultEvenSquare.uasset" 507
"../../../Engine/Plugins/VirtualProduction/CameraCalibrationCore/Content/Materials/M_DefaultEvenSquare.uexp" 508
"../../../Engine/Plugins/Runtime/HairStrands/Content/Materials/HairMeshesDefaultMaterial.uasset" 509
"../../../Engine/Plugins/Runtime/HairStrands/Content/Materials/HairMeshesDefaultMaterial.uexp" 510
"../../../Engine/Plugins/Runtime/HairStrands/Content/Materials/HairDefaultMaterial.uasset" 511
"../../../Engine/Plugins/Runtime/HairStrands/Content/Materials/HairDefaultMaterial.uexp" 512
"../../../Engine/Content/Functions/Engine_MaterialFunctions02/Utility/MakeFloat2.uasset" 513
"../../../Engine/Content/Functions/Engine_MaterialFunctions02/Utility/MakeFloat2.uexp" 514
"../../../Engine/Content/EngineMaterials/HairDebugColor.uasset" 515
"../../../Engine/Content/EngineMaterials/HairDebugColor.uexp" 516
"../../../Engine/Content/EngineMaterials/HairColorMap.uasset" 517
"../../../Engine/Content/EngineMaterials/HairColorMap.uexp" 518
"../../../Engine/Plugins/Runtime/HairStrands/Content/Materials/HairGroupColors.uasset" 519
"../../../Engine/Plugins/Runtime/HairStrands/Content/Materials/HairGroupColors.uexp" 520
"../../../Engine/Plugins/Runtime/HairStrands/Content/Materials/HairDebugMaterial.uasset" 521
"../../../Engine/Plugins/Runtime/HairStrands/Content/Materials/HairDebugMaterial.uexp" 522
"../../../Engine/Plugins/Runtime/HairStrands/Content/Materials/HairCardsDefaultMaterial.uasset" 523
"../../../Engine/Plugins/Runtime/HairStrands/Content/Materials/HairCardsDefaultMaterial.uexp" 524
"../../../Engine/Plugins/Runtime/AudioWidgets/Content/Resources/ScrubHandleDown_Clamped.uasset" 525
"../../../Engine/Plugins/Runtime/AudioWidgets/Content/Resources/ScrubHandleDown_Clamped.uexp" 526
"../../../Engine/Plugins/Interchange/Assets/Content/Functions/MX_UsdPreviewSurface.uasset" 527
"../../../Engine/Plugins/Interchange/Assets/Content/Functions/MX_UsdPreviewSurface.uexp" 528
"../../../Engine/Plugins/Interchange/Assets/Content/Functions/MX_UniformEDF.uasset" 529
"../../../Engine/Plugins/Interchange/Assets/Content/Functions/MX_UniformEDF.uexp" 530
"../../../Engine/Plugins/Interchange/Assets/Content/Functions/MX_TranslucentBSDF.uasset" 531
"../../../Engine/Plugins/Interchange/Assets/Content/Functions/MX_TranslucentBSDF.uexp" 532
"../../../Engine/Plugins/Interchange/Assets/Content/Functions/MX_ThinFilmBSDF.uasset" 533
"../../../Engine/Plugins/Interchange/Assets/Content/Functions/MX_ThinFilmBSDF.uexp" 534
"../../../Engine/Plugins/Interchange/Assets/Content/Functions/MX_SurfaceUnlit.uasset" 535
"../../../Engine/Plugins/Interchange/Assets/Content/Functions/MX_SurfaceUnlit.uexp" 536
"../../../Engine/Plugins/Interchange/Assets/Content/Functions/MX_Surface.uasset" 537
"../../../Engine/Plugins/Interchange/Assets/Content/Functions/MX_Surface.uexp" 538
"../../../Engine/Plugins/Interchange/Assets/Content/Functions/MX_SubsurfaceBSDF.uasset" 539
"../../../Engine/Plugins/Interchange/Assets/Content/Functions/MX_SubsurfaceBSDF.uexp" 540
"../../../Engine/Plugins/Interchange/Assets/Content/Functions/MX_SheenBSDF.uasset" 541
"../../../Engine/Plugins/Interchange/Assets/Content/Functions/MX_SheenBSDF.uexp" 542
"../../../Engine/Plugins/Interchange/Assets/Content/Functions/MX_OrenNayarBSDF.uasset" 543
"../../../Engine/Plugins/Interchange/Assets/Content/Functions/MX_OrenNayarBSDF.uexp" 544
"../../../Engine/Plugins/Interchange/Assets/Content/Functions/MF_IridescenceNoLUT.uasset" 545
"../../../Engine/Plugins/Interchange/Assets/Content/Functions/MF_IridescenceNoLUT.uexp" 546
"../../../Engine/Plugins/Interchange/Assets/Content/Functions/MX_StandardSurface.uasset" 547
"../../../Engine/Plugins/Interchange/Assets/Content/Functions/MX_StandardSurface.uexp" 548
"../../../Engine/Plugins/Interchange/Assets/Content/Functions/MX_TransmissionSurface.uasset" 549
"../../../Engine/Plugins/Interchange/Assets/Content/Functions/MX_TransmissionSurface.uexp" 550
"../../../Engine/Plugins/Interchange/Assets/Content/Functions/MX_OpenPBR_Translucent.uasset" 551
"../../../Engine/Plugins/Interchange/Assets/Content/Functions/MX_OpenPBR_Translucent.uexp" 552
"../../../Engine/Plugins/Interchange/Assets/Content/Functions/MX_OpenPBR_Opaque.uasset" 553
"../../../Engine/Plugins/Interchange/Assets/Content/Functions/MX_OpenPBR_Opaque.uexp" 554
"../../../Engine/Plugins/Interchange/Assets/Content/Functions/MX_MeasuredEDF.uasset" 555
"../../../Engine/Plugins/Interchange/Assets/Content/Functions/MX_MeasuredEDF.uexp" 556
"../../../Engine/Plugins/Interchange/Assets/Content/Functions/MX_GeneralizedSchlickBSDF.uasset" 557
"../../../Engine/Plugins/Interchange/Assets/Content/Functions/MX_GeneralizedSchlickBSDF.uexp" 558
"../../../Engine/Plugins/Interchange/Assets/Content/Functions/MX_Displacement.uasset" 559
"../../../Engine/Plugins/Interchange/Assets/Content/Functions/MX_Displacement.uexp" 560
"../../../Engine/Plugins/Interchange/Assets/Content/Functions/MX_DielectricBSDF.uasset" 561
"../../../Engine/Plugins/Interchange/Assets/Content/Functions/MX_DielectricBSDF.uexp" 562
"../../../Engine/Plugins/Interchange/Assets/Content/Functions/MX_ConicalEDF.uasset" 563
"../../../Engine/Plugins/Interchange/Assets/Content/Functions/MX_ConicalEDF.uexp" 564
"../../../Engine/Plugins/Interchange/Assets/Content/Functions/MX_ConductorBSDF.uasset" 565
"../../../Engine/Plugins/Interchange/Assets/Content/Functions/MX_ConductorBSDF.uexp" 566
"../../../Engine/Plugins/Interchange/Assets/Content/Functions/MX_BurleyDiffuseBSDF.uasset" 567
"../../../Engine/Plugins/Interchange/Assets/Content/Functions/MX_BurleyDiffuseBSDF.uexp" 568
"../../../Engine/Plugins/Interchange/Assets/Content/Functions/MX_AnisotropicVDF.uasset" 569
"../../../Engine/Plugins/Interchange/Assets/Content/Functions/MX_AnisotropicVDF.uexp" 570
"../../../Engine/Plugins/Interchange/Assets/Content/Functions/MX_AbsorptionVDF.uasset" 571
"../../../Engine/Plugins/Interchange/Assets/Content/Functions/MX_AbsorptionVDF.uexp" 572
"../../../Engine/Content/EngineMaterials/LTC/Sheen_LTC.uasset" 573
"../../../Engine/Content/EngineMaterials/LTC/Sheen_LTC.uexp" 574
"../../../Engine/Content/EngineMaterials/LTC/GGX_LTCMat.uasset" 575
"../../../Engine/Content/EngineMaterials/LTC/GGX_LTCMat.uexp" 576
"../../../Engine/Content/EngineMaterials/LTC/GGX_LTCAmp.uasset" 577
"../../../Engine/Content/EngineMaterials/LTC/GGX_LTCAmp.uexp" 578
"../../../Engine/Content/EngineMaterials/EnergyConservation/Sheen_Energy.uasset" 579
"../../../Engine/Content/EngineMaterials/EnergyConservation/Sheen_Energy.uexp" 580
"../../../Engine/Content/EngineMaterials/EnergyConservation/SheenLegacy_Energy.uasset" 581
"../../../Engine/Content/EngineMaterials/EnergyConservation/SheenLegacy_Energy.uexp" 582
"../../../Engine/Content/EngineMaterials/EnergyConservation/GGX_TransmissionEnergyArray.uasset" 583
"../../../Engine/Content/EngineMaterials/EnergyConservation/GGX_TransmissionEnergyArray.uexp" 584
"../../../Engine/Content/EngineMaterials/EnergyConservation/GGX_ReflectionEnergy.uasset" 585
"../../../Engine/Content/EngineMaterials/EnergyConservation/GGX_ReflectionEnergy.uexp" 586
"../../../Engine/Content/EngineMaterials/EnergyConservation/Diffuse_Energy.uasset" 587
"../../../Engine/Content/EngineMaterials/EnergyConservation/Diffuse_Energy.uexp" 588
"../../../Engine/Content/EditorResources/SequenceRecorder/RecordingIndicator.uasset" 589
"../../../Engine/Content/EditorResources/SequenceRecorder/RecordingIndicator.uexp" 590
"../../../Engine/Content/EditorResources/SequenceRecorder/Countdown.uasset" 591
"../../../Engine/Content/EditorResources/SequenceRecorder/Countdown.uexp" 592
"../../../Engine/Content/EditorMaterials/Camera/CineMat.uasset" 593
"../../../Engine/Content/EditorMaterials/Camera/CineMat.uexp" 594
"../../../Engine/Content/EditorMaterials/Camera/MI_CineMat_Rig.uasset" 595
"../../../Engine/Content/EditorMaterials/Camera/MI_CineMat_Rig.uexp" 596
"../../../Engine/Content/EditorMeshes/Camera/SM_RailRig_Track.uasset" 597
"../../../Engine/Content/EditorMeshes/Camera/SM_RailRig_Track.uexp" 598
"../../../Engine/Content/EditorMeshes/Camera/SM_RailRig_Mount.uasset" 599
"../../../Engine/Content/EditorMeshes/Camera/SM_RailRig_Mount.uexp" 600
"../../../Engine/Content/EditorMeshes/Camera/SM_CraneRig_Mount.uasset" 601
"../../../Engine/Content/EditorMeshes/Camera/SM_CraneRig_Mount.uexp" 602
"../../../Engine/Content/EditorMeshes/Camera/SM_CraneRig_Body.uasset" 603
"../../../Engine/Content/EditorMeshes/Camera/SM_CraneRig_Body.uexp" 604
"../../../Engine/Content/EditorMeshes/Camera/SM_CraneRig_Base.uasset" 605
"../../../Engine/Content/EditorMeshes/Camera/SM_CraneRig_Base.uexp" 606
"../../../Engine/Content/EditorMeshes/Camera/SM_CraneRig_Arm.uasset" 607
"../../../Engine/Content/EditorMeshes/Camera/SM_CraneRig_Arm.uexp" 608
"../../../Engine/Content/EditorMaterials/ParticleSystems/PSysThumbnail_OOD.ubulk" 609
"../../../Engine/Content/EditorMaterials/ParticleSystems/PSysThumbnail_OOD.uasset" 610
"../../../Engine/Content/EditorMaterials/ParticleSystems/PSysThumbnail_OOD.uexp" 611
"../../../Engine/Content/EditorMaterials/ParticleSystems/PSysThumbnail_NoImage.ubulk" 612
"../../../Engine/Content/EditorMaterials/ParticleSystems/PSysThumbnail_NoImage.uasset" 613
"../../../Engine/Content/EditorMaterials/ParticleSystems/PSysThumbnail_NoImage.uexp" 614
"../../../Engine/Content/EditorMaterials/Dataflow/DataflowVertexMaterial.uasset" 615
"../../../Engine/Content/EditorMaterials/Dataflow/DataflowVertexMaterial.uexp" 616
"../../../Engine/Content/EditorMaterials/Dataflow/DataflowTwoSidedVertexMaterial.uasset" 617
"../../../Engine/Content/EditorMaterials/Dataflow/DataflowTwoSidedVertexMaterial.uexp" 618
"../../../Engine/Content/VREditor/TransformGizmo/Xray.uasset" 619
"../../../Engine/Content/VREditor/TransformGizmo/Xray.uexp" 620
"../../../Engine/Content/VREditor/TransformGizmo/Main.uasset" 621
"../../../Engine/Content/VREditor/TransformGizmo/Main.uexp" 622
"../../../Engine/Content/VREditor/TransformGizmo/SM_Sequencer_Node.uasset" 623
"../../../Engine/Content/VREditor/TransformGizmo/SM_Sequencer_Node.uexp" 624
"../../../Engine/Content/VREditor/LaserPointer/VR_LaserPower_01.ubulk" 625
"../../../Engine/Content/VREditor/LaserPointer/VR_LaserPower_01.uasset" 626
"../../../Engine/Content/VREditor/LaserPointer/VR_LaserPower_01.uexp" 627
"../../../Engine/Content/VREditor/TransformGizmo/TransformGizmoMaterial.uasset" 628
"../../../Engine/Content/VREditor/TransformGizmo/TransformGizmoMaterial.uexp" 629
"../../../Engine/Content/VREditor/TransformGizmo/TranslucentTransformGizmoMaterial.uasset" 630
"../../../Engine/Content/VREditor/TransformGizmo/TranslucentTransformGizmoMaterial.uexp" 631
"../../../Engine/Content/VREditor/TransformGizmo/BoundingBoxEdge.uasset" 632
"../../../Engine/Content/VREditor/TransformGizmo/BoundingBoxEdge.uexp" 633
"../../../Engine/Content/VREditor/TransformGizmo/BoundingBoxCorner.uasset" 634
"../../../Engine/Content/VREditor/TransformGizmo/BoundingBoxCorner.uexp" 635
"../../../Engine/Content/EngineSky/VolumetricClouds/VT_PerlinWorley_Balanced.uasset" 636
"../../../Engine/Content/EngineSky/VolumetricClouds/VT_PerlinWorley_Balanced.uexp" 637
"../../../Engine/Content/EngineSky/VolumetricClouds/T_Profile_08.ubulk" 638
"../../../Engine/Content/EngineSky/VolumetricClouds/T_Profile_08.uasset" 639
"../../../Engine/Content/EngineSky/VolumetricClouds/T_Profile_08.uexp" 640
"../../../Engine/Content/EngineSky/VolumetricClouds/T_CloudPattern.ubulk" 641
"../../../Engine/Content/EngineSky/VolumetricClouds/T_CloudPattern.uasset" 642
"../../../Engine/Content/EngineSky/VolumetricClouds/T_CloudPattern.uexp" 643
"../../../Engine/Content/EngineSky/VolumetricClouds/T_CloudMask.ubulk" 644
"../../../Engine/Content/EngineSky/VolumetricClouds/T_CloudMask.uasset" 645
"../../../Engine/Content/EngineSky/VolumetricClouds/T_CloudMask.uexp" 646
"../../../Engine/Content/Functions/Engine_MaterialFunctions02/Utility/BreakOutFloat4Components.uasset" 647
"../../../Engine/Content/Functions/Engine_MaterialFunctions02/Utility/BreakOutFloat4Components.uexp" 648
"../../../Engine/Content/Functions/Engine_MaterialFunctions02/Utility/MakeFloat4.uasset" 649
"../../../Engine/Content/Functions/Engine_MaterialFunctions02/Utility/MakeFloat4.uexp" 650
"../../../Engine/Content/EngineResources/DefaultVolumeTexture2D.uasset" 651
"../../../Engine/Content/EngineResources/DefaultVolumeTexture2D.uexp" 652
"../../../Engine/Content/EngineResources/DefaultVolumeTexture.uasset" 653
"../../../Engine/Content/EngineResources/DefaultVolumeTexture.uexp" 654
"../../../Engine/Content/EngineSky/VolumetricClouds/VT_Lightning.uasset" 655
"../../../Engine/Content/EngineSky/VolumetricClouds/VT_Lightning.uexp" 656
"../../../Engine/Content/Functions/Engine_MaterialFunctions01/Units/Km-to-Cm.uasset" 657
"../../../Engine/Content/Functions/Engine_MaterialFunctions01/Units/Km-to-Cm.uexp" 658
"../../../Engine/Content/EngineSky/VolumetricClouds/m_SimpleVolumetricCloud.uasset" 659
"../../../Engine/Content/EngineSky/VolumetricClouds/m_SimpleVolumetricCloud.uexp" 660
"../../../Engine/Content/EngineSky/VolumetricClouds/m_SimpleVolumetricCloud_Inst.uasset" 661
"../../../Engine/Content/EngineSky/VolumetricClouds/m_SimpleVolumetricCloud_Inst.uexp" 662
"../../../Engine/Content/EngineResources/FilmGrains/Marcie_Grain_v3_128_M2_000.uasset" 663
"../../../Engine/Content/EngineResources/FilmGrains/Marcie_Grain_v3_128_M2_000.uexp" 664
"../../../Engine/Content/EngineResources/Development/ZenLogo_64.uasset" 665
"../../../Engine/Content/EngineResources/Development/ZenLogo_64.uexp" 666
"D:/unreal_cosas/skate_task/MauriSkate/Content/UI/WB_SkateOverlay.uasset" 667
"D:/unreal_cosas/skate_task/MauriSkate/Content/UI/WB_SkateOverlay.uexp" 668
"D:/unreal_cosas/skate_task/MauriSkate/Content/Input/Actions/IA_MouseLook.uasset" 669
"D:/unreal_cosas/skate_task/MauriSkate/Content/Input/Actions/IA_MouseLook.uexp" 670
"D:/unreal_cosas/skate_task/MauriSkate/Content/Input/IMC_MouseLook.uasset" 671
"D:/unreal_cosas/skate_task/MauriSkate/Content/Input/IMC_MouseLook.uexp" 672
"D:/unreal_cosas/skate_task/MauriSkate/Content/Input/Actions/IA_Jump.uasset" 673
"D:/unreal_cosas/skate_task/MauriSkate/Content/Input/Actions/IA_Jump.uexp" 674
"D:/unreal_cosas/skate_task/MauriSkate/Content/Input/Actions/IA_Look.uasset" 675
"D:/unreal_cosas/skate_task/MauriSkate/Content/Input/Actions/IA_Look.uexp" 676
"D:/unreal_cosas/skate_task/MauriSkate/Content/Input/Actions/IA_Push.uasset" 677
"D:/unreal_cosas/skate_task/MauriSkate/Content/Input/Actions/IA_Push.uexp" 678
"D:/unreal_cosas/skate_task/MauriSkate/Content/Input/Actions/IA_SlowDown.uasset" 679
"D:/unreal_cosas/skate_task/MauriSkate/Content/Input/Actions/IA_SlowDown.uexp" 680
"D:/unreal_cosas/skate_task/MauriSkate/Content/Input/Actions/IA_Turn.uasset" 681
"D:/unreal_cosas/skate_task/MauriSkate/Content/Input/Actions/IA_Turn.uexp" 682
"D:/unreal_cosas/skate_task/MauriSkate/Content/Input/IMC_Default.uasset" 683
"D:/unreal_cosas/skate_task/MauriSkate/Content/Input/IMC_Default.uexp" 684
"../../../Engine/Content/MobileResources/HUD/VirtualJoystick_Thumb.uasset" 685
"../../../Engine/Content/MobileResources/HUD/VirtualJoystick_Thumb.uexp" 686
"../../../Engine/Content/MobileResources/HUD/VirtualJoystick_Background.uasset" 687
"../../../Engine/Content/MobileResources/HUD/VirtualJoystick_Background.uexp" 688
"D:/unreal_cosas/skate_task/MauriSkate/Content/Input/Touch/UI_Thumbstick.uasset" 689
"D:/unreal_cosas/skate_task/MauriSkate/Content/Input/Touch/UI_Thumbstick.uexp" 690
"D:/unreal_cosas/skate_task/MauriSkate/Content/Input/Touch/BPI_TouchInterface.uasset" 691
"D:/unreal_cosas/skate_task/MauriSkate/Content/Input/Touch/BPI_TouchInterface.uexp" 692
"D:/unreal_cosas/skate_task/MauriSkate/Content/Input/Touch/UI_TouchSimple.uasset" 693
"D:/unreal_cosas/skate_task/MauriSkate/Content/Input/Touch/UI_TouchSimple.uexp" 694
"D:/unreal_cosas/skate_task/MauriSkate/Content/ThirdPerson/Blueprints/BP_ThirdPersonPlayerController.uasset" 695
"D:/unreal_cosas/skate_task/MauriSkate/Content/ThirdPerson/Blueprints/BP_ThirdPersonPlayerController.uexp" 696
"D:/unreal_cosas/skate_task/MauriSkate/Content/Characters/Mannequins/Meshes/SK_Mannequin.uasset" 697
"D:/unreal_cosas/skate_task/MauriSkate/Content/Characters/Mannequins/Meshes/SK_Mannequin.uexp" 698
"D:/unreal_cosas/skate_task/MauriSkate/Content/Characters/Mannequins/Rigs/PA_Mannequin.uasset" 699
"D:/unreal_cosas/skate_task/MauriSkate/Content/Characters/Mannequins/Rigs/PA_Mannequin.uexp" 700
"D:/unreal_cosas/skate_task/MauriSkate/Content/Characters/Mannequins/Textures/Manny/T_Manny_01_BN.ubulk" 701
"D:/unreal_cosas/skate_task/MauriSkate/Content/Characters/Mannequins/Textures/Manny/T_Manny_01_BN.uasset" 702
"D:/unreal_cosas/skate_task/MauriSkate/Content/Characters/Mannequins/Textures/Manny/T_Manny_01_BN.uexp" 703
"D:/unreal_cosas/skate_task/MauriSkate/Content/Characters/Mannequins/Textures/Manny/T_Manny_01_D.ubulk" 704
"D:/unreal_cosas/skate_task/MauriSkate/Content/Characters/Mannequins/Textures/Manny/T_Manny_01_D.uasset" 705
"D:/unreal_cosas/skate_task/MauriSkate/Content/Characters/Mannequins/Textures/Manny/T_Manny_01_D.uexp" 706
"D:/unreal_cosas/skate_task/MauriSkate/Content/Characters/Mannequins/Textures/Manny/T_Manny_01_MRA.ubulk" 707
"D:/unreal_cosas/skate_task/MauriSkate/Content/Characters/Mannequins/Textures/Manny/T_Manny_01_MRA.uasset" 708
"D:/unreal_cosas/skate_task/MauriSkate/Content/Characters/Mannequins/Textures/Manny/T_Manny_01_MRA.uexp" 709
"D:/unreal_cosas/skate_task/MauriSkate/Content/Characters/Mannequins/Textures/Shared/T_UE_Logo_M.uasset" 710
"D:/unreal_cosas/skate_task/MauriSkate/Content/Characters/Mannequins/Textures/Shared/T_UE_Logo_M.uexp" 711
"D:/unreal_cosas/skate_task/MauriSkate/Content/Characters/Mannequins/Materials/M_Mannequin.uasset" 712
"D:/unreal_cosas/skate_task/MauriSkate/Content/Characters/Mannequins/Materials/M_Mannequin.uexp" 713
"D:/unreal_cosas/skate_task/MauriSkate/Content/Characters/Mannequins/Textures/Quinn/T_Quinn_01_N.ubulk" 714
"D:/unreal_cosas/skate_task/MauriSkate/Content/Characters/Mannequins/Textures/Quinn/T_Quinn_01_N.uasset" 715
"D:/unreal_cosas/skate_task/MauriSkate/Content/Characters/Mannequins/Textures/Quinn/T_Quinn_01_N.uexp" 716
"D:/unreal_cosas/skate_task/MauriSkate/Content/Characters/Mannequins/Textures/Quinn/T_Quinn_01_MRA.ubulk" 717
"D:/unreal_cosas/skate_task/MauriSkate/Content/Characters/Mannequins/Textures/Quinn/T_Quinn_01_MRA.uasset" 718
"D:/unreal_cosas/skate_task/MauriSkate/Content/Characters/Mannequins/Textures/Quinn/T_Quinn_01_MRA.uexp" 719
"D:/unreal_cosas/skate_task/MauriSkate/Content/Characters/Mannequins/Textures/Quinn/T_Quinn_01_D.ubulk" 720
"D:/unreal_cosas/skate_task/MauriSkate/Content/Characters/Mannequins/Textures/Quinn/T_Quinn_01_D.uasset" 721
"D:/unreal_cosas/skate_task/MauriSkate/Content/Characters/Mannequins/Textures/Quinn/T_Quinn_01_D.uexp" 722
"D:/unreal_cosas/skate_task/MauriSkate/Content/Characters/Mannequins/Materials/Quinn/MI_Quinn_01.uasset" 723
"D:/unreal_cosas/skate_task/MauriSkate/Content/Characters/Mannequins/Materials/Quinn/MI_Quinn_01.uexp" 724
"D:/unreal_cosas/skate_task/MauriSkate/Content/Characters/Mannequins/Textures/Quinn/T_Quinn_02_N.ubulk" 725
"D:/unreal_cosas/skate_task/MauriSkate/Content/Characters/Mannequins/Textures/Quinn/T_Quinn_02_N.uasset" 726
"D:/unreal_cosas/skate_task/MauriSkate/Content/Characters/Mannequins/Textures/Quinn/T_Quinn_02_N.uexp" 727
"D:/unreal_cosas/skate_task/MauriSkate/Content/Characters/Mannequins/Textures/Quinn/T_Quinn_02_MRA.ubulk" 728
"D:/unreal_cosas/skate_task/MauriSkate/Content/Characters/Mannequins/Textures/Quinn/T_Quinn_02_MRA.uasset" 729
"D:/unreal_cosas/skate_task/MauriSkate/Content/Characters/Mannequins/Textures/Quinn/T_Quinn_02_MRA.uexp" 730
"D:/unreal_cosas/skate_task/MauriSkate/Content/Characters/Mannequins/Textures/Quinn/T_Quinn_02_D.ubulk" 731
"D:/unreal_cosas/skate_task/MauriSkate/Content/Characters/Mannequins/Textures/Quinn/T_Quinn_02_D.uasset" 732
"D:/unreal_cosas/skate_task/MauriSkate/Content/Characters/Mannequins/Textures/Quinn/T_Quinn_02_D.uexp" 733
"D:/unreal_cosas/skate_task/MauriSkate/Content/Characters/Mannequins/Materials/Quinn/MI_Quinn_02.uasset" 734
"D:/unreal_cosas/skate_task/MauriSkate/Content/Characters/Mannequins/Materials/Quinn/MI_Quinn_02.uexp" 735
"D:/unreal_cosas/skate_task/MauriSkate/Content/Characters/Mannequins/Meshes/SKM_Quinn_Simple.uasset" 736
"D:/unreal_cosas/skate_task/MauriSkate/Content/Characters/Mannequins/Meshes/SKM_Quinn_Simple.uexp" 737
"../../../Engine/Content/Animation/DefaultVariableFrameStrippingSettings.uasset" 738
"../../../Engine/Content/Animation/DefaultVariableFrameStrippingSettings.uexp" 739
"../../../Engine/Content/Animation/DefaultAnimCurveCompressionSettings.uasset" 740
"../../../Engine/Content/Animation/DefaultAnimCurveCompressionSettings.uexp" 741
"../../../Engine/Content/Animation/DefaultAnimBoneCompressionSettings.uasset" 742
"../../../Engine/Content/Animation/DefaultAnimBoneCompressionSettings.uexp" 743
"D:/unreal_cosas/skate_task/MauriSkate/Content/Characters/Mannequins/Anims/Unarmed/MM_Idle.uasset" 744
"D:/unreal_cosas/skate_task/MauriSkate/Content/Characters/Mannequins/Anims/Unarmed/MM_Idle.uexp" 745
"D:/unreal_cosas/skate_task/MauriSkate/Content/Characters/Mannequins/Anims/Unarmed/Jog/MF_Unarmed_Jog_Bwd.uasset" 746
"D:/unreal_cosas/skate_task/MauriSkate/Content/Characters/Mannequins/Anims/Unarmed/Jog/MF_Unarmed_Jog_Bwd.uexp" 747
"../../../Engine/Plugins/Animation/ACLPlugin/Content/ACLAnimCurveCompressionSettings.uasset" 748
"../../../Engine/Plugins/Animation/ACLPlugin/Content/ACLAnimCurveCompressionSettings.uexp" 749
"../../../Engine/Content/Animation/DefaultRecorderBoneCompression.uasset" 750
"../../../Engine/Content/Animation/DefaultRecorderBoneCompression.uexp" 751
"D:/unreal_cosas/skate_task/MauriSkate/Content/Characters/Mannequins/Anims/Unarmed/Jog/MF_Unarmed_Jog_Bwd_Left.uasset" 752
"D:/unreal_cosas/skate_task/MauriSkate/Content/Characters/Mannequins/Anims/Unarmed/Jog/MF_Unarmed_Jog_Bwd_Left.uexp" 753
"D:/unreal_cosas/skate_task/MauriSkate/Content/Characters/Mannequins/Anims/Unarmed/Jog/MF_Unarmed_Jog_Bwd_Right.uasset" 754
"D:/unreal_cosas/skate_task/MauriSkate/Content/Characters/Mannequins/Anims/Unarmed/Jog/MF_Unarmed_Jog_Bwd_Right.uexp" 755
"D:/unreal_cosas/skate_task/MauriSkate/Content/Characters/Mannequins/Anims/Unarmed/Jog/MF_Unarmed_Jog_Fwd.uasset" 756
"D:/unreal_cosas/skate_task/MauriSkate/Content/Characters/Mannequins/Anims/Unarmed/Jog/MF_Unarmed_Jog_Fwd.uexp" 757
"D:/unreal_cosas/skate_task/MauriSkate/Content/Characters/Mannequins/Anims/Unarmed/Jog/MF_Unarmed_Jog_Fwd_Left.uasset" 758
"D:/unreal_cosas/skate_task/MauriSkate/Content/Characters/Mannequins/Anims/Unarmed/Jog/MF_Unarmed_Jog_Fwd_Left.uexp" 759
"D:/unreal_cosas/skate_task/MauriSkate/Content/Characters/Mannequins/Anims/Unarmed/Jog/MF_Unarmed_Jog_Fwd_Right.uasset" 760
"D:/unreal_cosas/skate_task/MauriSkate/Content/Characters/Mannequins/Anims/Unarmed/Jog/MF_Unarmed_Jog_Fwd_Right.uexp" 761
"D:/unreal_cosas/skate_task/MauriSkate/Content/Characters/Mannequins/Anims/Unarmed/Jog/MF_Unarmed_Jog_Left.uasset" 762
"D:/unreal_cosas/skate_task/MauriSkate/Content/Characters/Mannequins/Anims/Unarmed/Jog/MF_Unarmed_Jog_Left.uexp" 763
"D:/unreal_cosas/skate_task/MauriSkate/Content/Characters/Mannequins/Anims/Unarmed/Jog/MF_Unarmed_Jog_Right.uasset" 764
"D:/unreal_cosas/skate_task/MauriSkate/Content/Characters/Mannequins/Anims/Unarmed/Jog/MF_Unarmed_Jog_Right.uexp" 765
"D:/unreal_cosas/skate_task/MauriSkate/Content/Characters/Mannequins/Anims/Unarmed/Walk/MF_Unarmed_Walk_Bwd.uasset" 766
"D:/unreal_cosas/skate_task/MauriSkate/Content/Characters/Mannequins/Anims/Unarmed/Walk/MF_Unarmed_Walk_Bwd.uexp" 767
"D:/unreal_cosas/skate_task/MauriSkate/Content/Characters/Mannequins/Anims/Unarmed/Walk/MF_Unarmed_Walk_Bwd_Left.uasset" 768
"D:/unreal_cosas/skate_task/MauriSkate/Content/Characters/Mannequins/Anims/Unarmed/Walk/MF_Unarmed_Walk_Bwd_Left.uexp" 769
"D:/unreal_cosas/skate_task/MauriSkate/Content/Characters/Mannequins/Anims/Unarmed/Walk/MF_Unarmed_Walk_Bwd_Right.uasset" 770
"D:/unreal_cosas/skate_task/MauriSkate/Content/Characters/Mannequins/Anims/Unarmed/Walk/MF_Unarmed_Walk_Bwd_Right.uexp" 771
"D:/unreal_cosas/skate_task/MauriSkate/Content/Characters/Mannequins/Anims/Unarmed/Walk/MF_Unarmed_Walk_Fwd.uasset" 772
"D:/unreal_cosas/skate_task/MauriSkate/Content/Characters/Mannequins/Anims/Unarmed/Walk/MF_Unarmed_Walk_Fwd.uexp" 773
"D:/unreal_cosas/skate_task/MauriSkate/Content/Characters/Mannequins/Anims/Unarmed/Walk/MF_Unarmed_Walk_Fwd_Left.uasset" 774
"D:/unreal_cosas/skate_task/MauriSkate/Content/Characters/Mannequins/Anims/Unarmed/Walk/MF_Unarmed_Walk_Fwd_Left.uexp" 775
"D:/unreal_cosas/skate_task/MauriSkate/Content/Characters/Mannequins/Anims/Unarmed/Walk/MF_Unarmed_Walk_Fwd_Right.uasset" 776
"D:/unreal_cosas/skate_task/MauriSkate/Content/Characters/Mannequins/Anims/Unarmed/Walk/MF_Unarmed_Walk_Fwd_Right.uexp" 777
"D:/unreal_cosas/skate_task/MauriSkate/Content/Characters/Mannequins/Anims/Unarmed/Walk/MF_Unarmed_Walk_Left.uasset" 778
"D:/unreal_cosas/skate_task/MauriSkate/Content/Characters/Mannequins/Anims/Unarmed/Walk/MF_Unarmed_Walk_Left.uexp" 779
"D:/unreal_cosas/skate_task/MauriSkate/Content/Characters/Mannequins/Anims/Unarmed/Walk/MF_Unarmed_Walk_Right.uasset" 780
"D:/unreal_cosas/skate_task/MauriSkate/Content/Characters/Mannequins/Anims/Unarmed/Walk/MF_Unarmed_Walk_Right.uexp" 781
"D:/unreal_cosas/skate_task/MauriSkate/Content/Characters/Mannequins/Anims/Unarmed/BS_Idle_Walk_Run.uasset" 782
"D:/unreal_cosas/skate_task/MauriSkate/Content/Characters/Mannequins/Anims/Unarmed/BS_Idle_Walk_Run.uexp" 783
"D:/unreal_cosas/skate_task/MauriSkate/Content/Characters/Mannequins/Anims/Unarmed/Jump/MM_Fall_Loop.uasset" 784
"D:/unreal_cosas/skate_task/MauriSkate/Content/Characters/Mannequins/Anims/Unarmed/Jump/MM_Fall_Loop.uexp" 785
"D:/unreal_cosas/skate_task/MauriSkate/Content/Characters/Mannequins/Anims/Unarmed/Jump/MM_Jump.uasset" 786
"D:/unreal_cosas/skate_task/MauriSkate/Content/Characters/Mannequins/Anims/Unarmed/Jump/MM_Jump.uexp" 787
"D:/unreal_cosas/skate_task/MauriSkate/Content/Characters/Mannequins/Anims/Unarmed/Jump/MM_Land.uasset" 788
"D:/unreal_cosas/skate_task/MauriSkate/Content/Characters/Mannequins/Anims/Unarmed/Jump/MM_Land.uexp" 789
"../../../Engine/Plugins/Animation/ControlRig/Content/Controls/DefaultGizmoLibraryNormalized.uasset" 790
"../../../Engine/Plugins/Animation/ControlRig/Content/Controls/DefaultGizmoLibraryNormalized.uexp" 791
"D:/unreal_cosas/skate_task/MauriSkate/Content/Characters/Mannequins/Rigs/CR_Mannequin_FootIK.uasset" 792
"D:/unreal_cosas/skate_task/MauriSkate/Content/Characters/Mannequins/Rigs/CR_Mannequin_FootIK.uexp" 793
"D:/unreal_cosas/skate_task/MauriSkate/Content/Characters/Mannequins/Anims/Unarmed/ABP_Unarmed.uasset" 794
"D:/unreal_cosas/skate_task/MauriSkate/Content/Characters/Mannequins/Anims/Unarmed/ABP_Unarmed.uexp" 795
"D:/unreal_cosas/skate_task/MauriSkate/Content/ThirdPerson/Blueprints/BP_ThirdPersonCharacter.uasset" 796
"D:/unreal_cosas/skate_task/MauriSkate/Content/ThirdPerson/Blueprints/BP_ThirdPersonCharacter.uexp" 797
"D:/unreal_cosas/skate_task/MauriSkate/Content/ThirdPerson/Blueprints/BP_ThirdPersonGameMode.uasset" 798
"D:/unreal_cosas/skate_task/MauriSkate/Content/ThirdPerson/Blueprints/BP_ThirdPersonGameMode.uexp" 799
"../../../Engine/Content/BasicShapes/Cube.uasset" 800
"../../../Engine/Content/BasicShapes/Cube.uexp" 801
"D:/unreal_cosas/skate_task/MauriSkate/Content/ThirdPerson/MI_ThirdPersonObstacle.uasset" 802
"D:/unreal_cosas/skate_task/MauriSkate/Content/ThirdPerson/MI_ThirdPersonObstacle.uexp" 803
"D:/unreal_cosas/skate_task/MauriSkate/Content/ThirdPerson/Blueprints/BP_Obstacle.uasset" 804
"D:/unreal_cosas/skate_task/MauriSkate/Content/ThirdPerson/Blueprints/BP_Obstacle.uexp" 805
"../../../Engine/Content/Functions/Engine_MaterialFunctions01/Gradient/LinearGradient.uasset" 806
"../../../Engine/Content/Functions/Engine_MaterialFunctions01/Gradient/LinearGradient.uexp" 807
"../../../Engine/Content/Functions/Engine_MaterialFunctions01/ImageAdjustment/CheapContrast.uasset" 808
"../../../Engine/Content/Functions/Engine_MaterialFunctions01/ImageAdjustment/CheapContrast.uexp" 809
"D:/unreal_cosas/skate_task/MauriSkate/Content/LevelPrototyping/Textures/T_GridChecker_A.ubulk" 810
"D:/unreal_cosas/skate_task/MauriSkate/Content/LevelPrototyping/Textures/T_GridChecker_A.uasset" 811
"D:/unreal_cosas/skate_task/MauriSkate/Content/LevelPrototyping/Textures/T_GridChecker_A.uexp" 812
"D:/unreal_cosas/skate_task/MauriSkate/Content/LevelPrototyping/Materials/MF_ProcGrid.uasset" 813
"D:/unreal_cosas/skate_task/MauriSkate/Content/LevelPrototyping/Materials/MF_ProcGrid.uexp" 814
"D:/unreal_cosas/skate_task/MauriSkate/Content/LevelPrototyping/Materials/M_PrototypeGrid.uasset" 815
"D:/unreal_cosas/skate_task/MauriSkate/Content/LevelPrototyping/Materials/M_PrototypeGrid.uexp" 816
"D:/unreal_cosas/skate_task/MauriSkate/Content/LevelPrototyping/Materials/MI_PrototypeGrid_Gray.uasset" 817
"D:/unreal_cosas/skate_task/MauriSkate/Content/LevelPrototyping/Materials/MI_PrototypeGrid_Gray.uexp" 818
"D:/unreal_cosas/skate_task/MauriSkate/Content/LevelPrototyping/Meshes/SM_Ramp.uasset" 819
"D:/unreal_cosas/skate_task/MauriSkate/Content/LevelPrototyping/Meshes/SM_Ramp.uexp" 820
"D:/unreal_cosas/skate_task/MauriSkate/Content/LevelPrototyping/Meshes/SM_QuarterCylinder.uasset" 821
"D:/unreal_cosas/skate_task/MauriSkate/Content/LevelPrototyping/Meshes/SM_QuarterCylinder.uexp" 822
"D:/unreal_cosas/skate_task/MauriSkate/Content/LevelPrototyping/Meshes/SM_Cylinder.uasset" 823
"D:/unreal_cosas/skate_task/MauriSkate/Content/LevelPrototyping/Meshes/SM_Cylinder.uexp" 824
"D:/unreal_cosas/skate_task/MauriSkate/Content/LevelPrototyping/Meshes/SM_Cube.uasset" 825
"D:/unreal_cosas/skate_task/MauriSkate/Content/LevelPrototyping/Meshes/SM_Cube.uexp" 826
"D:/unreal_cosas/skate_task/MauriSkate/Content/LevelPrototyping/Materials/MI_PrototypeGrid_TopDark.uasset" 827
"D:/unreal_cosas/skate_task/MauriSkate/Content/LevelPrototyping/Materials/MI_PrototypeGrid_TopDark.uexp" 828
"../../../Engine/Plugins/Interchange/Assets/Content/gltf/Textures/T_White_srgb.uasset" 829
"../../../Engine/Plugins/Interchange/Assets/Content/gltf/Textures/T_White_srgb.uexp" 830
"../../../Engine/Plugins/Interchange/Assets/Content/gltf/MaterialFunctions/MF_BaseColor.uasset" 831
"../../../Engine/Plugins/Interchange/Assets/Content/gltf/MaterialFunctions/MF_BaseColor.uexp" 832
"../../../Engine/Plugins/Interchange/Assets/Content/gltf/MaterialFunctions/MF_RotateV2.uasset" 833
"../../../Engine/Plugins/Interchange/Assets/Content/gltf/MaterialFunctions/MF_RotateV2.uexp" 834
"../../../Engine/Plugins/Interchange/Assets/Content/gltf/MaterialFunctions/MF_TransformUVs.uasset" 835
"../../../Engine/Plugins/Interchange/Assets/Content/gltf/MaterialFunctions/MF_TransformUVs.uexp" 836
"../../../Engine/Plugins/Interchange/Assets/Content/gltf/MaterialBodies/MF_Unlit_Body.uasset" 837
"../../../Engine/Plugins/Interchange/Assets/Content/gltf/MaterialBodies/MF_Unlit_Body.uexp" 838
"../../../Engine/Plugins/Interchange/Assets/Content/gltf/M_Unlit.uasset" 839
"../../../Engine/Plugins/Interchange/Assets/Content/gltf/M_Unlit.uexp" 840
"../../../Engine/Plugins/Interchange/Assets/Content/gltf/MaterialInstances/MI_Unlit_Opaque_DS.uasset" 841
"../../../Engine/Plugins/Interchange/Assets/Content/gltf/MaterialInstances/MI_Unlit_Opaque_DS.uexp" 842
"../../../Engine/Plugins/Interchange/Assets/Content/gltf/MaterialInstances/MI_Unlit_Opaque.uasset" 843
"../../../Engine/Plugins/Interchange/Assets/Content/gltf/MaterialInstances/MI_Unlit_Opaque.uexp" 844
"../../../Engine/Plugins/Interchange/Assets/Content/gltf/MaterialInstances/MI_Unlit_Mask_DS.uasset" 845
"../../../Engine/Plugins/Interchange/Assets/Content/gltf/MaterialInstances/MI_Unlit_Mask_DS.uexp" 846
"../../../Engine/Plugins/Interchange/Assets/Content/gltf/MaterialInstances/MI_Unlit_Mask.uasset" 847
"../../../Engine/Plugins/Interchange/Assets/Content/gltf/MaterialInstances/MI_Unlit_Mask.uexp" 848
"../../../Engine/Plugins/Interchange/Assets/Content/gltf/MaterialInstances/MI_Unlit_Blend_DS.uasset" 849
"../../../Engine/Plugins/Interchange/Assets/Content/gltf/MaterialInstances/MI_Unlit_Blend_DS.uexp" 850
"../../../Engine/Plugins/Interchange/Assets/Content/gltf/MaterialInstances/MI_Unlit_Blend.uasset" 851
"../../../Engine/Plugins/Interchange/Assets/Content/gltf/MaterialInstances/MI_Unlit_Blend.uexp" 852
"../../../Engine/Content/EngineMaterials/Good64x64TilingNoiseHighFreq.uasset" 853
"../../../Engine/Content/EngineMaterials/Good64x64TilingNoiseHighFreq.uexp" 854
"../../../Engine/Content/Functions/Engine_MaterialFunctions02/Texturing/ScreenAlignedPixelToPixelUVs.uasset" 855
"../../../Engine/Content/Functions/Engine_MaterialFunctions02/Texturing/ScreenAlignedPixelToPixelUVs.uexp" 856
"../../../Engine/Content/Functions/Engine_MaterialFunctions02/Math/Transform3x3Matrix.uasset" 857
"../../../Engine/Content/Functions/Engine_MaterialFunctions02/Math/Transform3x3Matrix.uexp" 858
"../../../Engine/Plugins/Interchange/Assets/Content/Utilities/New_LUT.uasset" 859
"../../../Engine/Plugins/Interchange/Assets/Content/Utilities/New_LUT.uexp" 860
"../../../Engine/Content/Functions/Engine_MaterialFunctions03/Math/RemapValueRange.uasset" 861
"../../../Engine/Content/Functions/Engine_MaterialFunctions03/Math/RemapValueRange.uexp" 862
"../../../Engine/Plugins/Interchange/Assets/Content/Functions/MF_Iridescence.uasset" 863
"../../../Engine/Plugins/Interchange/Assets/Content/Functions/MF_Iridescence.uexp" 864
"../../../Engine/Plugins/Interchange/Assets/Content/gltf/MaterialFunctions/MF_Fresnel_DS.uasset" 865
"../../../Engine/Plugins/Interchange/Assets/Content/gltf/MaterialFunctions/MF_Fresnel_DS.uexp" 866
"../../../Engine/Plugins/Interchange/Assets/Content/gltf/MaterialFunctions/MF_IOR.uasset" 867
"../../../Engine/Plugins/Interchange/Assets/Content/gltf/MaterialFunctions/MF_IOR.uexp" 868
"../../../Engine/Plugins/Interchange/Assets/Content/gltf/MaterialFunctions/MF_Iridescence.uasset" 869
"../../../Engine/Plugins/Interchange/Assets/Content/gltf/MaterialFunctions/MF_Iridescence.uexp" 870
"../../../Engine/Plugins/Interchange/Assets/Content/gltf/Textures/T_White_Linear.uasset" 871
"../../../Engine/Plugins/Interchange/Assets/Content/gltf/Textures/T_White_Linear.uexp" 872
"../../../Engine/Plugins/Interchange/Assets/Content/gltf/MaterialFunctions/MF_MetallicRoughness.uasset" 873
"../../../Engine/Plugins/Interchange/Assets/Content/gltf/MaterialFunctions/MF_MetallicRoughness.uexp" 874
"../../../Engine/Plugins/Interchange/Assets/Content/gltf/MaterialFunctions/MF_RotateNormals_TS.uasset" 875
"../../../Engine/Plugins/Interchange/Assets/Content/gltf/MaterialFunctions/MF_RotateNormals_TS.uexp" 876
"../../../Engine/Plugins/Interchange/Assets/Content/gltf/MaterialFunctions/MF_ScaleNormal.uasset" 877
"../../../Engine/Plugins/Interchange/Assets/Content/gltf/MaterialFunctions/MF_ScaleNormal.uexp" 878
"../../../Engine/Plugins/Interchange/Assets/Content/gltf/Textures/T_Generic_N.uasset" 879
"../../../Engine/Plugins/Interchange/Assets/Content/gltf/Textures/T_Generic_N.uexp" 880
"../../../Engine/Plugins/Interchange/Assets/Content/gltf/MaterialFunctions/MF_Normals.uasset" 881
"../../../Engine/Plugins/Interchange/Assets/Content/gltf/MaterialFunctions/MF_Normals.uexp" 882
"../../../Engine/Plugins/Interchange/Assets/Content/gltf/MaterialFunctions/MF_Occlusion.uasset" 883
"../../../Engine/Plugins/Interchange/Assets/Content/gltf/MaterialFunctions/MF_Occlusion.uexp" 884
"../../../Engine/Plugins/Interchange/Assets/Content/gltf/MaterialFunctions/MF_Specular.uasset" 885
"../../../Engine/Plugins/Interchange/Assets/Content/gltf/MaterialFunctions/MF_Specular.uexp" 886
"../../../Engine/Plugins/Interchange/Assets/Content/gltf/Textures/T_Anisotropy_Direction_Linear.uasset" 887
"../../../Engine/Plugins/Interchange/Assets/Content/gltf/Textures/T_Anisotropy_Direction_Linear.uexp" 888
"../../../Engine/Plugins/Interchange/Assets/Content/gltf/MaterialFunctions/MF_SpecularAnisotropy.uasset" 889
"../../../Engine/Plugins/Interchange/Assets/Content/gltf/MaterialFunctions/MF_SpecularAnisotropy.uexp" 890
"../../../Engine/Plugins/Interchange/Assets/Content/gltf/MaterialFunctions/MF_Temporal_Blur.uasset" 891
"../../../Engine/Plugins/Interchange/Assets/Content/gltf/MaterialFunctions/MF_Temporal_Blur.uexp" 892
"../../../Engine/Plugins/Interchange/Assets/Content/gltf/MaterialFunctions/MF_Transmission.uasset" 893
"../../../Engine/Plugins/Interchange/Assets/Content/gltf/MaterialFunctions/MF_Transmission.uexp" 894
"../../../Engine/Plugins/Interchange/Assets/Content/gltf/MaterialBodies/MF_Transmission_Body.uasset" 895
"../../../Engine/Plugins/Interchange/Assets/Content/gltf/MaterialBodies/MF_Transmission_Body.uexp" 896
"../../../Engine/Plugins/Interchange/Assets/Content/gltf/M_Transmission.uasset" 897
"../../../Engine/Plugins/Interchange/Assets/Content/gltf/M_Transmission.uexp" 898
"../../../Engine/Plugins/Interchange/Assets/Content/gltf/MaterialInstances/MI_Transmission_DS.uasset" 899
"../../../Engine/Plugins/Interchange/Assets/Content/gltf/MaterialInstances/MI_Transmission_DS.uexp" 900
"../../../Engine/Plugins/Interchange/Assets/Content/gltf/MaterialInstances/MI_Transmission.uasset" 901
"../../../Engine/Plugins/Interchange/Assets/Content/gltf/MaterialInstances/MI_Transmission.uexp" 902
"../../../Engine/Content/Functions/Engine_MaterialFunctions02/Math/AddComponents.uasset" 903
"../../../Engine/Content/Functions/Engine_MaterialFunctions02/Math/AddComponents.uexp" 904
"../../../Engine/Plugins/Interchange/Assets/Content/gltf/MaterialFunctions/MF_DiffuseSpecGloss.uasset" 905
"../../../Engine/Plugins/Interchange/Assets/Content/gltf/MaterialFunctions/MF_DiffuseSpecGloss.uexp" 906
"../../../Engine/Plugins/Interchange/Assets/Content/gltf/MaterialFunctions/MF_Emissive.uasset" 907
"../../../Engine/Plugins/Interchange/Assets/Content/gltf/MaterialFunctions/MF_Emissive.uexp" 908
"../../../Engine/Plugins/Interchange/Assets/Content/gltf/MaterialFunctions/MF_MaxComponentValue.uasset" 909
"../../../Engine/Plugins/Interchange/Assets/Content/gltf/MaterialFunctions/MF_MaxComponentValue.uexp" 910
"../../../Engine/Plugins/Interchange/Assets/Content/gltf/MaterialFunctions/MF_PerceivedBrightness.uasset" 911
"../../../Engine/Plugins/Interchange/Assets/Content/gltf/MaterialFunctions/MF_PerceivedBrightness.uexp" 912
"../../../Engine/Plugins/Interchange/Assets/Content/gltf/MaterialFunctions/MF_SpecGlossToMetalRoughness.uasset" 913
"../../../Engine/Plugins/Interchange/Assets/Content/gltf/MaterialFunctions/MF_SpecGlossToMetalRoughness.uexp" 914
"../../../Engine/Plugins/Interchange/Assets/Content/gltf/MaterialBodies/MF_SpecularGlossiness_Body.uasset" 915
"../../../Engine/Plugins/Interchange/Assets/Content/gltf/MaterialBodies/MF_SpecularGlossiness_Body.uexp" 916
"../../../Engine/Plugins/Interchange/Assets/Content/gltf/M_SpecularGlossiness.uasset" 917
"../../../Engine/Plugins/Interchange/Assets/Content/gltf/M_SpecularGlossiness.uexp" 918
"../../../Engine/Plugins/Interchange/Assets/Content/gltf/MaterialInstances/MI_SpecularGlossiness_Opaque_DS.uasset" 919
"../../../Engine/Plugins/Interchange/Assets/Content/gltf/MaterialInstances/MI_SpecularGlossiness_Opaque_DS.uexp" 920
"../../../Engine/Plugins/Interchange/Assets/Content/gltf/MaterialInstances/MI_SpecularGlossiness_Opaque.uasset" 921
"../../../Engine/Plugins/Interchange/Assets/Content/gltf/MaterialInstances/MI_SpecularGlossiness_Opaque.uexp" 922
"../../../Engine/Plugins/Interchange/Assets/Content/gltf/MaterialInstances/MI_SpecularGlossiness_Mask_DS.uasset" 923
"../../../Engine/Plugins/Interchange/Assets/Content/gltf/MaterialInstances/MI_SpecularGlossiness_Mask_DS.uexp" 924
"../../../Engine/Plugins/Interchange/Assets/Content/gltf/MaterialInstances/MI_SpecularGlossiness_Mask.uasset" 925
"../../../Engine/Plugins/Interchange/Assets/Content/gltf/MaterialInstances/MI_SpecularGlossiness_Mask.uexp" 926
"../../../Engine/Plugins/Interchange/Assets/Content/gltf/MaterialInstances/MI_SpecularGlossiness_Blend_DS.uasset" 927
"../../../Engine/Plugins/Interchange/Assets/Content/gltf/MaterialInstances/MI_SpecularGlossiness_Blend_DS.uexp" 928
"../../../Engine/Plugins/Interchange/Assets/Content/gltf/MaterialInstances/MI_SpecularGlossiness_Blend.uasset" 929
"../../../Engine/Plugins/Interchange/Assets/Content/gltf/MaterialInstances/MI_SpecularGlossiness_Blend.uexp" 930
"../../../Engine/Plugins/Interchange/Assets/Content/gltf/MaterialFunctions/MF_Sheen.uasset" 931
"../../../Engine/Plugins/Interchange/Assets/Content/gltf/MaterialFunctions/MF_Sheen.uexp" 932
"../../../Engine/Plugins/Interchange/Assets/Content/gltf/MaterialBodies/MF_Sheen_Body.uasset" 933
"../../../Engine/Plugins/Interchange/Assets/Content/gltf/MaterialBodies/MF_Sheen_Body.uexp" 934
"../../../Engine/Plugins/Interchange/Assets/Content/gltf/M_Sheen.uasset" 935
"../../../Engine/Plugins/Interchange/Assets/Content/gltf/M_Sheen.uexp" 936
"../../../Engine/Plugins/Interchange/Assets/Content/gltf/MaterialInstances/MI_Sheen_Opaque_DS.uasset" 937
"../../../Engine/Plugins/Interchange/Assets/Content/gltf/MaterialInstances/MI_Sheen_Opaque_DS.uexp" 938
"../../../Engine/Plugins/Interchange/Assets/Content/gltf/MaterialInstances/MI_Sheen_Opaque.uasset" 939
"../../../Engine/Plugins/Interchange/Assets/Content/gltf/MaterialInstances/MI_Sheen_Opaque.uexp" 940
"../../../Engine/Plugins/Interchange/Assets/Content/gltf/MaterialInstances/MI_Sheen_Mask_DS.uasset" 941
"../../../Engine/Plugins/Interchange/Assets/Content/gltf/MaterialInstances/MI_Sheen_Mask_DS.uexp" 942
"../../../Engine/Plugins/Interchange/Assets/Content/gltf/MaterialInstances/MI_Sheen_Mask.uasset" 943
"../../../Engine/Plugins/Interchange/Assets/Content/gltf/MaterialInstances/MI_Sheen_Mask.uexp" 944
"../../../Engine/Plugins/Interchange/Assets/Content/gltf/MaterialInstances/MI_Sheen_Blend_DS.uasset" 945
"../../../Engine/Plugins/Interchange/Assets/Content/gltf/MaterialInstances/MI_Sheen_Blend_DS.uexp" 946
"../../../Engine/Plugins/Interchange/Assets/Content/gltf/MaterialInstances/MI_Sheen_Blend.uasset" 947
"../../../Engine/Plugins/Interchange/Assets/Content/gltf/MaterialInstances/MI_Sheen_Blend.uexp" 948
"../../../Engine/Plugins/Interchange/Assets/Content/gltf/MaterialBodies/MF_Default_Body.uasset" 949
"../../../Engine/Plugins/Interchange/Assets/Content/gltf/MaterialBodies/MF_Default_Body.uexp" 950
"../../../Engine/Plugins/Interchange/Assets/Content/gltf/M_Default.uasset" 951
"../../../Engine/Plugins/Interchange/Assets/Content/gltf/M_Default.uexp" 952
"../../../Engine/Plugins/Interchange/Assets/Content/gltf/MaterialInstances/MI_Default_Opaque_DS.uasset" 953
"../../../Engine/Plugins/Interchange/Assets/Content/gltf/MaterialInstances/MI_Default_Opaque_DS.uexp" 954
"../../../Engine/Plugins/Interchange/Assets/Content/gltf/MaterialInstances/MI_Default_Opaque.uasset" 955
"../../../Engine/Plugins/Interchange/Assets/Content/gltf/MaterialInstances/MI_Default_Opaque.uexp" 956
"../../../Engine/Plugins/Interchange/Assets/Content/gltf/MaterialInstances/MI_Default_Mask_DS.uasset" 957
"../../../Engine/Plugins/Interchange/Assets/Content/gltf/MaterialInstances/MI_Default_Mask_DS.uexp" 958
"../../../Engine/Plugins/Interchange/Assets/Content/gltf/MaterialInstances/MI_Default_Mask.uasset" 959
"../../../Engine/Plugins/Interchange/Assets/Content/gltf/MaterialInstances/MI_Default_Mask.uexp" 960
"../../../Engine/Plugins/Interchange/Assets/Content/gltf/MaterialInstances/MI_Default_Blend_DS.uasset" 961
"../../../Engine/Plugins/Interchange/Assets/Content/gltf/MaterialInstances/MI_Default_Blend_DS.uexp" 962
"../../../Engine/Plugins/Interchange/Assets/Content/gltf/MaterialInstances/MI_Default_Blend.uasset" 963
"../../../Engine/Plugins/Interchange/Assets/Content/gltf/MaterialInstances/MI_Default_Blend.uexp" 964
"../../../Engine/Content/Functions/Engine_MaterialFunctions01/Texturing/FlattenNormal.uasset" 965
"../../../Engine/Content/Functions/Engine_MaterialFunctions01/Texturing/FlattenNormal.uexp" 966
"../../../Engine/Plugins/Interchange/Assets/Content/gltf/MaterialFunctions/MF_Clearcoat.uasset" 967
"../../../Engine/Plugins/Interchange/Assets/Content/gltf/MaterialFunctions/MF_Clearcoat.uexp" 968
"../../../Engine/Plugins/Interchange/Assets/Content/gltf/MaterialBodies/MF_ClearCoat_Body.uasset" 969
"../../../Engine/Plugins/Interchange/Assets/Content/gltf/MaterialBodies/MF_ClearCoat_Body.uexp" 970
"../../../Engine/Plugins/Interchange/Assets/Content/gltf/M_ClearCoat.uasset" 971
"../../../Engine/Plugins/Interchange/Assets/Content/gltf/M_ClearCoat.uexp" 972
"../../../Engine/Plugins/Interchange/Assets/Content/gltf/MaterialInstances/MI_ClearCoat_Opaque_DS.uasset" 973
"../../../Engine/Plugins/Interchange/Assets/Content/gltf/MaterialInstances/MI_ClearCoat_Opaque_DS.uexp" 974
"../../../Engine/Plugins/Interchange/Assets/Content/gltf/MaterialInstances/MI_ClearCoat_Opaque.uasset" 975
"../../../Engine/Plugins/Interchange/Assets/Content/gltf/MaterialInstances/MI_ClearCoat_Opaque.uexp" 976
"../../../Engine/Plugins/Interchange/Assets/Content/gltf/MaterialInstances/MI_ClearCoat_Mask_DS.uasset" 977
"../../../Engine/Plugins/Interchange/Assets/Content/gltf/MaterialInstances/MI_ClearCoat_Mask_DS.uexp" 978
"../../../Engine/Plugins/Interchange/Assets/Content/gltf/MaterialInstances/MI_ClearCoat_Mask.uasset" 979
"../../../Engine/Plugins/Interchange/Assets/Content/gltf/MaterialInstances/MI_ClearCoat_Mask.uexp" 980
"../../../Engine/Plugins/Interchange/Assets/Content/gltf/MaterialInstances/MI_ClearCoat_Blend_DS.uasset" 981
"../../../Engine/Plugins/Interchange/Assets/Content/gltf/MaterialInstances/MI_ClearCoat_Blend_DS.uexp" 982
"../../../Engine/Plugins/Interchange/Assets/Content/gltf/MaterialInstances/MI_ClearCoat_Blend.uasset" 983
"../../../Engine/Plugins/Interchange/Assets/Content/gltf/MaterialInstances/MI_ClearCoat_Blend.uexp" 984
"../../../Engine/Content/ArtTools/RenderToTexture/Meshes/S_1_Unit_Plane.uasset" 985
"../../../Engine/Content/ArtTools/RenderToTexture/Meshes/S_1_Unit_Plane.uexp" 986
"../../../Engine/Content/EngineMaterials/Substrate/GLints/AGlintTex2dArray.uasset" 987
"../../../Engine/Content/EngineMaterials/Substrate/GLints/AGlintTex2dArray.uexp" 988
"../../../Engine/Content/Functions/Engine_MaterialFunctions01/Shading/PowerToRoughness.uasset" 989
"../../../Engine/Content/Functions/Engine_MaterialFunctions01/Shading/PowerToRoughness.uexp" 990
"../../../Engine/Content/Functions/Engine_MaterialFunctions01/Shading/ConvertFromDiffSpec.uasset" 991
"../../../Engine/Content/Functions/Engine_MaterialFunctions01/Shading/ConvertFromDiffSpec.uexp" 992
"../../../Engine/Content/EngineMaterials/Substrate/Volume/SubstrateSimpleVolumeLUT3D.uasset" 993
"../../../Engine/Content/EngineMaterials/Substrate/Volume/SubstrateSimpleVolumeLUT3D.uexp" 994
"../../../Engine/Content/EngineMaterials/Substrate/Volume/SubstrateSimpleVolumeEnvLUT3D.uasset" 995
"../../../Engine/Content/EngineMaterials/Substrate/Volume/SubstrateSimpleVolumeEnvLUT3D.uexp" 996
"../../../Engine/Content/EngineMaterials/Substrate/Glints2/AGlintTex2dArray2.uasset" 997
"../../../Engine/Content/EngineMaterials/Substrate/Glints2/AGlintTex2dArray2.uexp" 998
"../../../Engine/Content/EngineResources/LandscapeVisibilityLayerInfo.uasset" 999
"../../../Engine/Content/EngineResources/LandscapeVisibilityLayerInfo.uexp" 1000
"../../../Engine/Content/VREditor/Sounds/UI/Drop_Item_From_ContentBrowser.ubulk" 1001
"../../../Engine/Content/VREditor/Sounds/UI/Drop_Item_From_ContentBrowser.uasset" 1002
"../../../Engine/Content/VREditor/Sounds/UI/Drop_Item_From_ContentBrowser.uexp" 1003
"../../../Engine/Content/VREditor/TransformGizmo/TransformGizmoMaterial_Inst.uasset" 1004
"../../../Engine/Content/VREditor/TransformGizmo/TransformGizmoMaterial_Inst.uexp" 1005
"../../../Engine/Content/VREditor/TransformGizmo/TranslucentTransformGizmoMaterial_Inst.uasset" 1006
"../../../Engine/Content/VREditor/TransformGizmo/TranslucentTransformGizmoMaterial_Inst.uexp" 1007
"../../../Engine/Content/Functions/Engine_MaterialFunctions02/SplitComponents.uasset" 1008
"../../../Engine/Content/Functions/Engine_MaterialFunctions02/SplitComponents.uexp" 1009
"../../../Engine/Content/VREditor/SnapGrid/SnapGridMaterial.uasset" 1010
"../../../Engine/Content/VREditor/SnapGrid/SnapGridMaterial.uexp" 1011
"../../../Engine/Content/VREditor/SnapGrid/SnapGridPlaneMesh.uasset" 1012
"../../../Engine/Content/VREditor/SnapGrid/SnapGridPlaneMesh.uexp" 1013
"../../../Engine/Content/VREditor/Sounds/UI/Gizmo_Handle_Clicked.ubulk" 1014
"../../../Engine/Content/VREditor/Sounds/UI/Gizmo_Handle_Clicked.uasset" 1015
"../../../Engine/Content/VREditor/Sounds/UI/Gizmo_Handle_Clicked.uexp" 1016
"../../../Engine/Content/VREditor/Sounds/UI/Object_PickUp.ubulk" 1017
"../../../Engine/Content/VREditor/Sounds/UI/Object_PickUp.uasset" 1018
"../../../Engine/Content/VREditor/Sounds/UI/Object_PickUp.uexp" 1019
"../../../Engine/Content/VREditor/Sounds/UI/Object_Snaps_To_Another_Actor.ubulk" 1020
"../../../Engine/Content/VREditor/Sounds/UI/Object_Snaps_To_Another_Actor.uasset" 1021
"../../../Engine/Content/VREditor/Sounds/UI/Object_Snaps_To_Another_Actor.uexp" 1022
"../../../Engine/Content/VREditor/Sounds/UI/Object_Snaps_To_Grid.ubulk" 1023
"../../../Engine/Content/VREditor/Sounds/UI/Object_Snaps_To_Grid.uasset" 1024
"../../../Engine/Content/VREditor/Sounds/UI/Object_Snaps_To_Grid.uexp" 1025
"../../../Engine/Content/VREditor/Sounds/UI/Scaling_Down.ubulk" 1026
"../../../Engine/Content/VREditor/Sounds/UI/Scaling_Down.uasset" 1027
"../../../Engine/Content/VREditor/Sounds/UI/Scaling_Down.uexp" 1028
"../../../Engine/Content/VREditor/Sounds/UI/Scaling_Up.ubulk" 1029
"../../../Engine/Content/VREditor/Sounds/UI/Scaling_Up.uasset" 1030
"../../../Engine/Content/VREditor/Sounds/UI/Scaling_Up.uexp" 1031
"../../../Engine/Content/VREditor/Sounds/UI/Selection_Changes.ubulk" 1032
"../../../Engine/Content/VREditor/Sounds/UI/Selection_Changes.uasset" 1033
"../../../Engine/Content/VREditor/Sounds/UI/Selection_Changes.uexp" 1034
"../../../Engine/Content/VREditor/TransformGizmo/PlaneTranslationHandle.uasset" 1035
"../../../Engine/Content/VREditor/TransformGizmo/PlaneTranslationHandle.uexp" 1036
"../../../Engine/Content/VREditor/TransformGizmo/RotationHandleFull.uasset" 1037
"../../../Engine/Content/VREditor/TransformGizmo/RotationHandleFull.uexp" 1038
"../../../Engine/Content/VREditor/TransformGizmo/RotationHandleIndicator.uasset" 1039
"../../../Engine/Content/VREditor/TransformGizmo/RotationHandleIndicator.uexp" 1040
"../../../Engine/Content/VREditor/TransformGizmo/RotationHandleQuarter.uasset" 1041
"../../../Engine/Content/VREditor/TransformGizmo/RotationHandleQuarter.uexp" 1042
"../../../Engine/Content/VREditor/TransformGizmo/StartRotationHandleIndicator.uasset" 1043
"../../../Engine/Content/VREditor/TransformGizmo/StartRotationHandleIndicator.uexp" 1044
"../../../Engine/Content/VREditor/TransformGizmo/TransformGizmoFreeRotation.uasset" 1045
"../../../Engine/Content/VREditor/TransformGizmo/TransformGizmoFreeRotation.uexp" 1046
"../../../Engine/Content/VREditor/TransformGizmo/TranslateArrowHandle.uasset" 1047
"../../../Engine/Content/VREditor/TransformGizmo/TranslateArrowHandle.uexp" 1048
"../../../Engine/Content/VREditor/TransformGizmo/UniformScaleHandle.uasset" 1049
"../../../Engine/Content/VREditor/TransformGizmo/UniformScaleHandle.uexp" 1050
"../../../Engine/Plugins/Animation/DeformerGraph/Content/DeformerFunctions/DG_Function_LinearBlendSkin_Morph_Cloth.uasset" 1051
"../../../Engine/Plugins/Animation/DeformerGraph/Content/DeformerFunctions/DG_Function_LinearBlendSkin_Morph_Cloth.uexp" 1052
"../../../Engine/Plugins/Animation/DeformerGraph/Content/Deformers/DG_LinearBlendSkin_Morph_Cloth.uasset" 1053
"../../../Engine/Plugins/Animation/DeformerGraph/Content/Deformers/DG_LinearBlendSkin_Morph_Cloth.uexp" 1054
"../../../Engine/Plugins/Animation/DeformerGraph/Content/DeformerFunctions/DG_Function_LinearBlendSkin_Morph_Cloth_PositionOnly.uasset" 1055
"../../../Engine/Plugins/Animation/DeformerGraph/Content/DeformerFunctions/DG_Function_LinearBlendSkin_Morph_Cloth_PositionOnly.uexp" 1056
"../../../Engine/Plugins/Animation/DeformerGraph/Content/DeformerFunctions/DG_Function_ComputeNormalsTangents.uasset" 1057
"../../../Engine/Plugins/Animation/DeformerGraph/Content/DeformerFunctions/DG_Function_ComputeNormalsTangents.uexp" 1058
"../../../Engine/Plugins/Animation/DeformerGraph/Content/Deformers/DG_LinearBlendSkin_Morph_Cloth_RecomputeNormals.uasset" 1059
"../../../Engine/Plugins/Animation/DeformerGraph/Content/Deformers/DG_LinearBlendSkin_Morph_Cloth_RecomputeNormals.uexp" 1060
"../../../Engine/Plugins/NNE/NNEDenoiser/Content/NNEDT_Oidn2-3_Balanced.uasset" 1061
"../../../Engine/Plugins/NNE/NNEDenoiser/Content/NNEDT_Oidn2-3_Balanced.uexp" 1062
"../../../Engine/Plugins/NNE/NNEDenoiser/Content/NNEDT_Oidn2-3_Balanced_Alpha.uasset" 1063
"../../../Engine/Plugins/NNE/NNEDenoiser/Content/NNEDT_Oidn2-3_Balanced_Alpha.uexp" 1064
"../../../Engine/Plugins/NNE/NNEDenoiser/Content/NNED_Oidn2-3_Balanced.uasset" 1065
"../../../Engine/Plugins/NNE/NNEDenoiser/Content/NNED_Oidn2-3_Balanced.uexp" 1066
"../../../Engine/Plugins/NNE/NNEDenoiser/Content/NNED_Oidn2-3_Balanced_Alpha.uasset" 1067
"../../../Engine/Plugins/NNE/NNEDenoiser/Content/NNED_Oidn2-3_Balanced_Alpha.uexp" 1068
"../../../Engine/Plugins/NNE/NNEDenoiser/Content/NNED_Oidn2-3_Fast.uasset" 1069
"../../../Engine/Plugins/NNE/NNEDenoiser/Content/NNED_Oidn2-3_Fast.uexp" 1070
"../../../Engine/Plugins/NNE/NNEDenoiser/Content/NNED_Oidn2-3_Fast_Alpha.uasset" 1071
"../../../Engine/Plugins/NNE/NNEDenoiser/Content/NNED_Oidn2-3_Fast_Alpha.uexp" 1072
"../../../Engine/Plugins/NNE/NNEDenoiser/Content/NNED_Oidn2-3_HighQuality.uasset" 1073
"../../../Engine/Plugins/NNE/NNEDenoiser/Content/NNED_Oidn2-3_HighQuality.uexp" 1074
"../../../Engine/Plugins/NNE/NNEDenoiser/Content/NNED_Oidn2-3_HighQuality_Alpha.uasset" 1075
"../../../Engine/Plugins/NNE/NNEDenoiser/Content/NNED_Oidn2-3_HighQuality_Alpha.uexp" 1076
"../../../Engine/Content/Maps/Entry_BuiltData.uasset" 1077
"../../../Engine/Content/Maps/Entry_BuiltData.uexp" 1078
"../../../Engine/Content/Maps/Entry.uexp" 1079
"../../../Engine/Content/Maps/Entry.umap" 1080
"D:/unreal_cosas/skate_task/MauriSkate/Content/Characters/Mannequins/Meshes/SM_Skateboard.uasset" 1081
"D:/unreal_cosas/skate_task/MauriSkate/Content/Characters/Mannequins/Meshes/SM_Skateboard.uexp" 1082
"../../../Engine/Plugins/Animation/ACLPlugin/Content/ACLAnimBoneCompressionSettings.uasset" 1083
"../../../Engine/Plugins/Animation/ACLPlugin/Content/ACLAnimBoneCompressionSettings.uexp" 1084
"D:/unreal_cosas/skate_task/MauriSkate/Content/Characters/Mannequins/Anims/Skate/SM_SkateJumping_Anim.uasset" 1085
"D:/unreal_cosas/skate_task/MauriSkate/Content/Characters/Mannequins/Anims/Skate/SM_SkateJumping_Anim.uexp" 1086
"D:/unreal_cosas/skate_task/MauriSkate/Content/Characters/Mannequins/Anims/Skate/SM_SkateImpulse_Anim.uasset" 1087
"D:/unreal_cosas/skate_task/MauriSkate/Content/Characters/Mannequins/Anims/Skate/SM_SkateImpulse_Anim.uexp" 1088
"D:/unreal_cosas/skate_task/MauriSkate/Content/Characters/Mannequins/Anims/Skate/SM_SkateGoing_Anim.uasset" 1089
"D:/unreal_cosas/skate_task/MauriSkate/Content/Characters/Mannequins/Anims/Skate/SM_SkateGoing_Anim.uexp" 1090
"D:/unreal_cosas/skate_task/MauriSkate/Content/Characters/Mannequins/Anims/Unarmed/ABP_Skate.uasset" 1091
"D:/unreal_cosas/skate_task/MauriSkate/Content/Characters/Mannequins/Anims/Unarmed/ABP_Skate.uexp" 1092
"D:/unreal_cosas/skate_task/MauriSkate/Content/Characters/Mannequins/Meshes/M_PrototypeMaterial.uasset" 1093
"D:/unreal_cosas/skate_task/MauriSkate/Content/Characters/Mannequins/Meshes/M_PrototypeMaterial.uexp" 1094
"D:/unreal_cosas/skate_task/MauriSkate/Content/Characters/Mannequins/Meshes/MI_SkateboardReady.uasset" 1095
"D:/unreal_cosas/skate_task/MauriSkate/Content/Characters/Mannequins/Meshes/MI_SkateboardReady.uexp" 1096
"D:/unreal_cosas/skate_task/MauriSkate/Content/Characters/Mannequins/Meshes/MI_SkateboardBussy.uasset" 1097
"D:/unreal_cosas/skate_task/MauriSkate/Content/Characters/Mannequins/Meshes/MI_SkateboardBussy.uexp" 1098
"D:/unreal_cosas/skate_task/MauriSkate/Content/ThirdPerson/Blueprints/BP_SkateCharacter.uasset" 1099
"D:/unreal_cosas/skate_task/MauriSkate/Content/ThirdPerson/Blueprints/BP_SkateCharacter.uexp" 1100
"D:/unreal_cosas/skate_task/MauriSkate/Content/ThirdPerson/Blueprints/BP_SkateGameMode.uasset" 1101
"D:/unreal_cosas/skate_task/MauriSkate/Content/ThirdPerson/Blueprints/BP_SkateGameMode.uexp" 1102
"D:/unreal_cosas/skate_task/MauriSkate/Content/ThirdPerson/Lvl_ThirdPerson.uexp" 1103
"D:/unreal_cosas/skate_task/MauriSkate/Content/ThirdPerson/Lvl_ThirdPerson.umap" 1104
